2024-04-25 20:58:43,625 - dpdispatcher - INFO - info:check_all_finished: False
2024-04-25 20:58:43,635 - dpdispatcher - INFO - job: ea5842edce1fb0cc2665155cf7af34cd10fd93dc submit; job_id is 3763
2024-04-25 20:58:43,642 - dpdispatcher - INFO - job: a127204d78332446c833f63baa6a3b0bf25c1fb4 submit; job_id is 3764
2024-05-13 03:53:18,831 - dpdispatcher - INFO - info:check_all_finished: False
2024-05-13 03:53:18,843 - dpdispatcher - INFO - job: 09a0d020499e76c794611dea9aef806376f79f3d submit; job_id is 3890
2024-05-13 03:53:18,853 - dpdispatcher - INFO - job: 4d3082f2daa47bf3c12af632ede92ace6677ab83 submit; job_id is 3891
2024-05-13 04:35:53,088 - dpdispatcher - INFO - job: 09a0d020499e76c794611dea9aef806376f79f3d 3890 finished
2024-05-13 04:37:33,217 - dpdispatcher - INFO - job: 4d3082f2daa47bf3c12af632ede92ace6677ab83 3891 finished
2024-05-13 05:01:38,141 - dpdispatcher - INFO - info:check_all_finished: False
2024-05-13 05:01:38,153 - dpdispatcher - INFO - job: 09a0d020499e76c794611dea9aef806376f79f3d submit; job_id is 3892
2024-05-13 05:01:38,163 - dpdispatcher - INFO - job: 4d3082f2daa47bf3c12af632ede92ace6677ab83 submit; job_id is 3893
2024-05-13 05:02:29,251 - dpdispatcher - INFO - job: 09a0d020499e76c794611dea9aef806376f79f3d 3892 terminated;fail_cout is 1; resubmitting job
2024-05-13 05:02:29,293 - dpdispatcher - INFO - job:09a0d020499e76c794611dea9aef806376f79f3d re-submit after terminated; new job_id is 3894
2024-05-13 05:02:29,501 - dpdispatcher - INFO - job:09a0d020499e76c794611dea9aef806376f79f3d job_id:3894 after re-submitting; the state now is <JobStatus.waiting: 2>
2024-05-13 05:02:29,501 - dpdispatcher - INFO - job: 4d3082f2daa47bf3c12af632ede92ace6677ab83 3893 terminated;fail_cout is 1; resubmitting job
2024-05-13 05:02:29,510 - dpdispatcher - INFO - job:4d3082f2daa47bf3c12af632ede92ace6677ab83 re-submit after terminated; new job_id is 3895
2024-05-13 05:02:29,719 - dpdispatcher - INFO - job:4d3082f2daa47bf3c12af632ede92ace6677ab83 job_id:3895 after re-submitting; the state now is <JobStatus.running: 3>
2024-05-13 05:03:19,787 - dpdispatcher - INFO - job: 09a0d020499e76c794611dea9aef806376f79f3d 3894 terminated;fail_cout is 2; resubmitting job
2024-05-13 05:03:19,835 - dpdispatcher - INFO - job:09a0d020499e76c794611dea9aef806376f79f3d re-submit after terminated; new job_id is 3896
2024-05-13 05:03:20,043 - dpdispatcher - INFO - job:09a0d020499e76c794611dea9aef806376f79f3d job_id:3896 after re-submitting; the state now is <JobStatus.waiting: 2>
2024-05-13 05:03:20,043 - dpdispatcher - INFO - job: 4d3082f2daa47bf3c12af632ede92ace6677ab83 3895 terminated;fail_cout is 2; resubmitting job
2024-05-13 05:03:20,051 - dpdispatcher - INFO - job:4d3082f2daa47bf3c12af632ede92ace6677ab83 re-submit after terminated; new job_id is 3897
2024-05-13 05:03:20,259 - dpdispatcher - INFO - job:4d3082f2daa47bf3c12af632ede92ace6677ab83 job_id:3897 after re-submitting; the state now is <JobStatus.waiting: 2>
2024-05-13 05:04:10,294 - dpdispatcher - INFO - job: 09a0d020499e76c794611dea9aef806376f79f3d 3896 terminated;fail_cout is 3; resubmitting job
2024-05-13 05:06:56,384 - dpdispatcher - INFO - info:check_all_finished: False
2024-05-13 05:06:56,395 - dpdispatcher - INFO - job: 09a0d020499e76c794611dea9aef806376f79f3d submit; job_id is 3898
2024-05-13 05:06:56,404 - dpdispatcher - INFO - job: 4d3082f2daa47bf3c12af632ede92ace6677ab83 submit; job_id is 3899
2024-05-13 05:49:30,597 - dpdispatcher - INFO - job: 09a0d020499e76c794611dea9aef806376f79f3d 3898 finished
2024-05-13 05:51:10,725 - dpdispatcher - INFO - job: 4d3082f2daa47bf3c12af632ede92ace6677ab83 3899 finished
2024-05-17 07:17:15,269 - dpdispatcher - INFO - info:check_all_finished: False
2024-05-17 07:17:15,310 - dpdispatcher - INFO - job: e32d00efbbb593c7e6443d42e6f47488c482b6b7 submit; job_id is 1144378
2024-05-17 07:17:15,312 - dpdispatcher - INFO - job: f7a9155900f0fe8181697e3aee2393ab158a0298 submit; job_id is 1144380
2024-05-17 07:17:15,315 - dpdispatcher - INFO - job: a247c9c2296f15e60977604eda662482929f562e submit; job_id is 1144384
2024-05-17 07:20:53,260 - dpdispatcher - ERROR - 
Traceback (most recent call last):
  File "/home/yinbc/.conda/envs/deepmd_yichao/lib/python3.10/site-packages/dpdispatcher/submission.py", line 242, in run_submission
    time.sleep(50)
KeyboardInterrupt
2024-05-17 07:20:53,281 - dpdispatcher - INFO - submission exit: 8976326b3757d6f8a0a8cc8d72b08367f54b25e3
2024-05-17 07:20:53,281 - dpdispatcher - INFO - at /home/yinbc/yichao/dev-002-dpgen-dimer/Cu_COH_dpa2/auto/work/8976326b3757d6f8a0a8cc8d72b08367f54b25e3
2024-05-17 07:20:57,532 - dpdispatcher - INFO - info:check_all_finished: False
2024-05-17 07:20:57,535 - dpdispatcher - INFO - job: aab69d3d9b0e53df4a132c35c67fdb2794f7ce04 submit; job_id is 1144695
2024-05-17 07:20:57,538 - dpdispatcher - INFO - job: 75b174dd738ce8011e28e9eecb701348523e9ca4 submit; job_id is 1144697
2024-05-17 07:20:57,540 - dpdispatcher - INFO - job: eea136b957706b6c0e156a3dafee22551e24d4a9 submit; job_id is 1144700
2024-05-17 07:22:08,945 - dpdispatcher - ERROR - 
Traceback (most recent call last):
  File "/home/yinbc/.conda/envs/deepmd_yichao/lib/python3.10/site-packages/dpdispatcher/submission.py", line 242, in run_submission
    time.sleep(50)
KeyboardInterrupt
2024-05-17 07:22:08,946 - dpdispatcher - INFO - submission exit: 52d0ff017fc335b49a9f3e2922b8237e674a358d
2024-05-17 07:22:08,946 - dpdispatcher - INFO - at /home/yinbc/yichao/dev-002-dpgen-dimer/Cu_COH_dpa2/auto/work/52d0ff017fc335b49a9f3e2922b8237e674a358d
2024-05-17 07:25:06,515 - dpdispatcher - INFO - info:check_all_finished: False
2024-05-17 07:25:06,515 - dpdispatcher - INFO - remote path: /anvil/scratch/x-wang3/yinbc-dpclient/3a9c8a263bbc8c2d1f0bdfeb5408f051136b6ec9
2024-05-17 07:25:13,618 - dpdispatcher - INFO - job: c03fd07cca8fe41927e5632fbc55765b3cc82864 submit; job_id is 5148502
2024-05-17 07:25:15,318 - dpdispatcher - INFO - job: 8862ad63704cf695aeadf5999858c76e1ce1744c submit; job_id is 5148503
2024-05-17 07:25:17,525 - dpdispatcher - INFO - job: f2cf8a642c64cadfb336a07af9b97cffc516cf3a submit; job_id is 5148504
2024-05-17 07:26:13,233 - dpdispatcher - INFO - job: c03fd07cca8fe41927e5632fbc55765b3cc82864 5148502 terminated;fail_cout is 1; resubmitting job
2024-05-17 07:26:14,916 - dpdispatcher - INFO - job:c03fd07cca8fe41927e5632fbc55765b3cc82864 re-submit after terminated; new job_id is 5148506
2024-05-17 07:26:15,519 - dpdispatcher - INFO - job:c03fd07cca8fe41927e5632fbc55765b3cc82864 job_id:5148506 after re-submitting; the state now is <JobStatus.waiting: 2>
2024-05-17 07:26:15,519 - dpdispatcher - INFO - job: 8862ad63704cf695aeadf5999858c76e1ce1744c 5148503 terminated;fail_cout is 1; resubmitting job
2024-05-17 07:26:19,705 - dpdispatcher - INFO - job:8862ad63704cf695aeadf5999858c76e1ce1744c re-submit after terminated; new job_id is 5148507
2024-05-17 07:26:20,312 - dpdispatcher - INFO - job:8862ad63704cf695aeadf5999858c76e1ce1744c job_id:5148507 after re-submitting; the state now is <JobStatus.waiting: 2>
2024-05-17 07:26:20,312 - dpdispatcher - INFO - job: f2cf8a642c64cadfb336a07af9b97cffc516cf3a 5148504 terminated;fail_cout is 1; resubmitting job
2024-05-17 07:26:21,998 - dpdispatcher - INFO - job:f2cf8a642c64cadfb336a07af9b97cffc516cf3a re-submit after terminated; new job_id is 5148508
2024-05-17 07:26:22,609 - dpdispatcher - INFO - job:f2cf8a642c64cadfb336a07af9b97cffc516cf3a job_id:5148508 after re-submitting; the state now is <JobStatus.waiting: 2>
2024-05-17 07:26:35,752 - dpdispatcher - ERROR - 
Traceback (most recent call last):
  File "/home/yinbc/.conda/envs/deepmd_yichao/lib/python3.10/site-packages/dpdispatcher/submission.py", line 242, in run_submission
    time.sleep(50)
KeyboardInterrupt
2024-05-17 07:26:35,753 - dpdispatcher - INFO - submission exit: 3a9c8a263bbc8c2d1f0bdfeb5408f051136b6ec9
2024-05-17 07:26:35,753 - dpdispatcher - INFO - at /anvil/scratch/x-wang3/yinbc-dpclient/3a9c8a263bbc8c2d1f0bdfeb5408f051136b6ec9
2024-05-17 07:34:21,895 - dpdispatcher - INFO - info:check_all_finished: False
2024-05-17 07:34:21,908 - dpdispatcher - INFO - job: 4b27656f5b53a8f5d3aea8030948b490770279cd submit; job_id is 3900
2024-05-17 07:34:21,920 - dpdispatcher - INFO - job: b9bdccacd3882082950adbaf67c1d360c87a095b submit; job_id is 3901
2024-05-17 07:34:21,930 - dpdispatcher - INFO - job: 39835bc77cb4c53b06e9660b69b8124e71acc102 submit; job_id is 3902
2024-05-17 07:37:43,286 - dpdispatcher - INFO - job: b9bdccacd3882082950adbaf67c1d360c87a095b 3901 terminated;fail_cout is 1; resubmitting job
2024-05-17 07:37:43,317 - dpdispatcher - INFO - job:b9bdccacd3882082950adbaf67c1d360c87a095b re-submit after terminated; new job_id is 3903
2024-05-17 07:37:43,525 - dpdispatcher - INFO - job:b9bdccacd3882082950adbaf67c1d360c87a095b job_id:3903 after re-submitting; the state now is <JobStatus.waiting: 2>
2024-05-17 07:38:00,232 - dpdispatcher - ERROR - 
Traceback (most recent call last):
  File "/home/yinbc/.conda/envs/deepmd_yichao/lib/python3.10/site-packages/dpdispatcher/submission.py", line 242, in run_submission
    time.sleep(50)
KeyboardInterrupt
2024-05-17 07:38:00,233 - dpdispatcher - INFO - submission exit: f6a321eea8846a241394910ec31b391e24dc5fca
2024-05-17 07:38:00,233 - dpdispatcher - INFO - at /home/yinbc/yichao/dev-002-dpgen-dimer/Cu_COH_dpa2/auto/work/f6a321eea8846a241394910ec31b391e24dc5fca
2024-05-17 07:41:51,799 - dpdispatcher - INFO - info:check_all_finished: False
2024-05-17 07:41:51,810 - dpdispatcher - INFO - job: f5aefe7a7b4c4b117af980156fcb0edc2c562ab3 submit; job_id is 3904
2024-05-17 07:41:51,820 - dpdispatcher - INFO - job: f0fc4c615242242771371eb2e727f4adeac9e57b submit; job_id is 3905
2024-05-17 07:41:51,829 - dpdispatcher - INFO - job: 2d731bebde061e953024f067c595405eef05701a submit; job_id is 3906
2024-05-17 07:54:23,921 - dpdispatcher - INFO - job: f5aefe7a7b4c4b117af980156fcb0edc2c562ab3 3904 finished
2024-05-17 07:57:44,218 - dpdispatcher - INFO - job: f0fc4c615242242771371eb2e727f4adeac9e57b 3905 finished
2024-05-17 08:04:24,700 - dpdispatcher - INFO - job: 2d731bebde061e953024f067c595405eef05701a 3906 finished
2024-05-30 16:10:03,693 - dpdispatcher - INFO - info:check_all_finished: False
2024-05-30 16:10:03,744 - dpdispatcher - INFO - job: ea5842edce1fb0cc2665155cf7af34cd10fd93dc submit; job_id is 4781
2024-05-30 16:10:03,754 - dpdispatcher - INFO - job: a127204d78332446c833f63baa6a3b0bf25c1fb4 submit; job_id is 4782
2024-05-30 16:10:04,928 - dpdispatcher - ERROR - 
Traceback (most recent call last):
  File "/home/yinbc/.conda/envs/deepmd_yichao/lib/python3.10/site-packages/dpdispatcher/submission.py", line 242, in run_submission
    time.sleep(50)
KeyboardInterrupt
2024-05-30 16:10:05,021 - dpdispatcher - INFO - submission exit: 47d7b10d9b9fea4fc301e176f3390b76d36cd066
2024-05-30 16:10:05,021 - dpdispatcher - INFO - at /home/yinbc/yichao/dev-002-dpgen-dimer/Cu_COH_dpa2/auto/work/47d7b10d9b9fea4fc301e176f3390b76d36cd066
2024-05-30 16:19:35,777 - dpdispatcher - INFO - info:check_all_finished: False
2024-05-30 16:19:35,789 - dpdispatcher - INFO - job: ea5842edce1fb0cc2665155cf7af34cd10fd93dc submit; job_id is 4783
2024-05-30 16:19:35,799 - dpdispatcher - INFO - job: a127204d78332446c833f63baa6a3b0bf25c1fb4 submit; job_id is 4784
2024-05-30 16:20:26,861 - dpdispatcher - INFO - job: ea5842edce1fb0cc2665155cf7af34cd10fd93dc 4783 finished
2024-05-30 16:20:26,870 - dpdispatcher - INFO - job: a127204d78332446c833f63baa6a3b0bf25c1fb4 4784 finished
2024-05-30 16:20:27,097 - dpdispatcher - INFO - info:check_all_finished: False
2024-05-30 16:20:27,102 - dpdispatcher - INFO - job: e31d1607de3cccb6c5f551f95618cfb1d7585adc submit; job_id is 1799303
2024-05-30 16:20:27,105 - dpdispatcher - INFO - job: 056ec15a15fc737c0375e757a7dfdebfc60922ba submit; job_id is 1799306
2024-05-30 16:20:27,107 - dpdispatcher - INFO - job: 847fcdb0d0c24162c7c03ee7397434b75905539d submit; job_id is 1799310
2024-06-03 16:51:32,387 - dpdispatcher - INFO - info:check_all_finished: False
2024-06-03 16:51:32,400 - dpdispatcher - INFO - job: ea5842edce1fb0cc2665155cf7af34cd10fd93dc submit; job_id is 4789
2024-06-03 16:51:32,410 - dpdispatcher - INFO - job: a127204d78332446c833f63baa6a3b0bf25c1fb4 submit; job_id is 4790
2024-06-03 16:52:23,488 - dpdispatcher - INFO - job: ea5842edce1fb0cc2665155cf7af34cd10fd93dc 4789 finished
2024-06-03 16:52:23,496 - dpdispatcher - INFO - job: a127204d78332446c833f63baa6a3b0bf25c1fb4 4790 finished
2024-06-03 16:52:23,803 - dpdispatcher - INFO - info:check_all_finished: False
2024-06-03 16:52:23,854 - dpdispatcher - INFO - job: e31d1607de3cccb6c5f551f95618cfb1d7585adc submit; job_id is 2157636
2024-06-03 16:52:23,857 - dpdispatcher - INFO - job: 056ec15a15fc737c0375e757a7dfdebfc60922ba submit; job_id is 2157638
2024-06-03 16:52:23,859 - dpdispatcher - INFO - job: 847fcdb0d0c24162c7c03ee7397434b75905539d submit; job_id is 2157642
2024-06-03 16:59:56,468 - dpdispatcher - INFO - job: 847fcdb0d0c24162c7c03ee7397434b75905539d 2157642 finished
2024-06-03 17:09:57,998 - dpdispatcher - INFO - job: e31d1607de3cccb6c5f551f95618cfb1d7585adc 2157636 finished
2024-06-03 17:09:58,020 - dpdispatcher - INFO - job: 056ec15a15fc737c0375e757a7dfdebfc60922ba 2157638 finished
2024-06-03 17:39:46,364 - dpdispatcher - INFO - info:check_all_finished: False
2024-06-03 17:39:46,375 - dpdispatcher - INFO - job: ea5842edce1fb0cc2665155cf7af34cd10fd93dc submit; job_id is 4791
2024-06-03 17:39:46,385 - dpdispatcher - INFO - job: a127204d78332446c833f63baa6a3b0bf25c1fb4 submit; job_id is 4792
2024-06-03 18:23:10,761 - dpdispatcher - INFO - job: a127204d78332446c833f63baa6a3b0bf25c1fb4 4792 finished
2024-06-03 18:44:52,088 - dpdispatcher - INFO - job: ea5842edce1fb0cc2665155cf7af34cd10fd93dc 4791 finished
2024-06-03 18:44:52,323 - dpdispatcher - INFO - info:check_all_finished: False
2024-06-03 18:44:52,327 - dpdispatcher - INFO - job: e31d1607de3cccb6c5f551f95618cfb1d7585adc submit; job_id is 2173784
2024-06-03 18:44:52,329 - dpdispatcher - INFO - job: 056ec15a15fc737c0375e757a7dfdebfc60922ba submit; job_id is 2173786
2024-06-03 18:44:52,331 - dpdispatcher - INFO - job: 847fcdb0d0c24162c7c03ee7397434b75905539d submit; job_id is 2173789
2024-06-03 19:07:27,973 - dpdispatcher - INFO - job: 056ec15a15fc737c0375e757a7dfdebfc60922ba 2173786 finished
2024-06-03 19:08:18,086 - dpdispatcher - INFO - job: e31d1607de3cccb6c5f551f95618cfb1d7585adc 2173784 finished
2024-06-03 19:08:18,109 - dpdispatcher - INFO - job: 847fcdb0d0c24162c7c03ee7397434b75905539d 2173789 finished
2024-06-03 19:28:54,896 - dpdispatcher - INFO - info:check_all_finished: False
2024-06-03 19:28:54,907 - dpdispatcher - INFO - job: ea5842edce1fb0cc2665155cf7af34cd10fd93dc submit; job_id is 4793
2024-06-03 19:28:54,915 - dpdispatcher - INFO - job: a127204d78332446c833f63baa6a3b0bf25c1fb4 submit; job_id is 4794
2024-06-03 20:12:19,265 - dpdispatcher - INFO - job: a127204d78332446c833f63baa6a3b0bf25c1fb4 4794 finished
2024-06-03 20:34:00,605 - dpdispatcher - INFO - job: ea5842edce1fb0cc2665155cf7af34cd10fd93dc 4793 finished
2024-06-03 20:34:00,814 - dpdispatcher - INFO - info:check_all_finished: False
2024-06-03 20:34:00,817 - dpdispatcher - INFO - job: e31d1607de3cccb6c5f551f95618cfb1d7585adc submit; job_id is 2190183
2024-06-03 20:34:00,820 - dpdispatcher - INFO - job: 056ec15a15fc737c0375e757a7dfdebfc60922ba submit; job_id is 2190185
2024-06-03 20:34:00,821 - dpdispatcher - INFO - job: 847fcdb0d0c24162c7c03ee7397434b75905539d submit; job_id is 2190188
2024-06-03 20:55:46,259 - dpdispatcher - INFO - job: 847fcdb0d0c24162c7c03ee7397434b75905539d 2190188 finished
2024-06-03 20:56:36,331 - dpdispatcher - INFO - job: e31d1607de3cccb6c5f551f95618cfb1d7585adc 2190183 finished
2024-06-03 20:56:36,352 - dpdispatcher - INFO - job: 056ec15a15fc737c0375e757a7dfdebfc60922ba 2190185 finished
2024-06-04 05:19:00,023 - dpdispatcher - INFO - info:check_all_finished: False
2024-06-04 05:19:00,033 - dpdispatcher - INFO - job: ea5842edce1fb0cc2665155cf7af34cd10fd93dc submit; job_id is 4795
2024-06-04 05:19:00,040 - dpdispatcher - INFO - job: a127204d78332446c833f63baa6a3b0bf25c1fb4 submit; job_id is 4796
2024-06-04 05:57:37,622 - dpdispatcher - ERROR - 
Traceback (most recent call last):
  File "/home/yinbc/.conda/envs/deepmd_yichao/lib/python3.10/site-packages/dpdispatcher/submission.py", line 242, in run_submission
    time.sleep(50)
KeyboardInterrupt
2024-06-04 05:57:37,645 - dpdispatcher - INFO - submission exit: 47d7b10d9b9fea4fc301e176f3390b76d36cd066
2024-06-04 05:57:37,645 - dpdispatcher - INFO - at /home/yinbc/yichao/dev-002-dpgen-dimer/Cu_COH_dpa2/auto/work/47d7b10d9b9fea4fc301e176f3390b76d36cd066
2024-06-04 05:57:44,271 - dpdispatcher - INFO - info:check_all_finished: False
2024-06-04 05:57:44,307 - dpdispatcher - INFO - job: ea5842edce1fb0cc2665155cf7af34cd10fd93dc submit; job_id is 4797
2024-06-04 05:57:44,314 - dpdispatcher - INFO - job: a127204d78332446c833f63baa6a3b0bf25c1fb4 submit; job_id is 4798
2024-06-04 05:58:35,365 - dpdispatcher - INFO - job: a127204d78332446c833f63baa6a3b0bf25c1fb4 4798 finished
2024-06-04 05:58:35,366 - dpdispatcher - INFO - job: ea5842edce1fb0cc2665155cf7af34cd10fd93dc 4797 terminated;fail_cout is 1; resubmitting job
2024-06-04 05:58:35,493 - dpdispatcher - INFO - job:ea5842edce1fb0cc2665155cf7af34cd10fd93dc re-submit after terminated; new job_id is 4799
2024-06-04 05:58:35,701 - dpdispatcher - INFO - job:ea5842edce1fb0cc2665155cf7af34cd10fd93dc job_id:4799 after re-submitting; the state now is <JobStatus.running: 3>
2024-06-04 05:59:25,760 - dpdispatcher - INFO - job: ea5842edce1fb0cc2665155cf7af34cd10fd93dc 4799 finished
2024-06-04 05:59:25,927 - dpdispatcher - INFO - info:check_all_finished: False
2024-06-04 05:59:25,931 - dpdispatcher - INFO - job: e31d1607de3cccb6c5f551f95618cfb1d7585adc submit; job_id is 2254728
2024-06-04 05:59:25,933 - dpdispatcher - INFO - job: 056ec15a15fc737c0375e757a7dfdebfc60922ba submit; job_id is 2254730
2024-06-04 05:59:25,935 - dpdispatcher - INFO - job: 847fcdb0d0c24162c7c03ee7397434b75905539d submit; job_id is 2254733
2024-06-04 06:08:50,868 - dpdispatcher - INFO - info:check_all_finished: False
2024-06-04 06:08:50,878 - dpdispatcher - INFO - job: 09a0d020499e76c794611dea9aef806376f79f3d submit; job_id is 4800
2024-06-04 06:08:50,888 - dpdispatcher - INFO - job: 4d3082f2daa47bf3c12af632ede92ace6677ab83 submit; job_id is 4801
2024-06-04 06:19:42,734 - dpdispatcher - INFO - job: 09a0d020499e76c794611dea9aef806376f79f3d 4800 finished
2024-06-04 06:32:04,108 - dpdispatcher - INFO - job: 056ec15a15fc737c0375e757a7dfdebfc60922ba 2254730 finished
2024-06-04 06:32:13,549 - dpdispatcher - INFO - job: 4d3082f2daa47bf3c12af632ede92ace6677ab83 4801 finished
2024-06-04 06:32:13,786 - dpdispatcher - INFO - info:check_all_finished: False
2024-06-04 06:32:13,796 - dpdispatcher - INFO - job: 21b684d2ac7373d71d72c0cd443b5184c373a367 submit; job_id is 4802
2024-06-04 06:32:13,806 - dpdispatcher - INFO - job: 4dece1914e88aec6f2b7538dd18f494a8143a19e submit; job_id is 4803
2024-06-04 06:32:13,815 - dpdispatcher - INFO - job: 309f17beef57412be593501424db5c95324cc1b2 submit; job_id is 4804
2024-06-04 06:32:54,222 - dpdispatcher - INFO - job: e31d1607de3cccb6c5f551f95618cfb1d7585adc 2254728 finished
2024-06-04 06:32:54,244 - dpdispatcher - INFO - job: 847fcdb0d0c24162c7c03ee7397434b75905539d 2254733 finished
2024-06-04 06:33:04,916 - dpdispatcher - INFO - job: 21b684d2ac7373d71d72c0cd443b5184c373a367 4802 terminated;fail_cout is 1; resubmitting job
2024-06-04 06:33:04,970 - dpdispatcher - INFO - job:21b684d2ac7373d71d72c0cd443b5184c373a367 re-submit after terminated; new job_id is 4805
2024-06-04 06:33:05,178 - dpdispatcher - INFO - job:21b684d2ac7373d71d72c0cd443b5184c373a367 job_id:4805 after re-submitting; the state now is <JobStatus.waiting: 2>
2024-06-04 06:33:05,178 - dpdispatcher - INFO - job: 4dece1914e88aec6f2b7538dd18f494a8143a19e 4803 terminated;fail_cout is 1; resubmitting job
2024-06-04 06:33:05,188 - dpdispatcher - INFO - job:4dece1914e88aec6f2b7538dd18f494a8143a19e re-submit after terminated; new job_id is 4806
2024-06-04 06:33:05,397 - dpdispatcher - INFO - job:4dece1914e88aec6f2b7538dd18f494a8143a19e job_id:4806 after re-submitting; the state now is <JobStatus.waiting: 2>
2024-06-04 06:33:05,398 - dpdispatcher - INFO - job: 309f17beef57412be593501424db5c95324cc1b2 4804 terminated;fail_cout is 1; resubmitting job
2024-06-04 06:33:05,407 - dpdispatcher - INFO - job:309f17beef57412be593501424db5c95324cc1b2 re-submit after terminated; new job_id is 4807
2024-06-04 06:33:05,615 - dpdispatcher - INFO - job:309f17beef57412be593501424db5c95324cc1b2 job_id:4807 after re-submitting; the state now is <JobStatus.waiting: 2>
2024-06-04 06:33:19,520 - dpdispatcher - ERROR - 
Traceback (most recent call last):
  File "/home/yinbc/.conda/envs/deepmd_yichao/lib/python3.10/site-packages/dpdispatcher/submission.py", line 242, in run_submission
    time.sleep(50)
KeyboardInterrupt
2024-06-04 06:33:19,521 - dpdispatcher - INFO - submission exit: 7ca2cb6d5d44b3b6d049e90bf7dbb10d527728ec
2024-06-04 06:33:19,521 - dpdispatcher - INFO - at /home/yinbc/yichao/dev-002-dpgen-dimer/RuN/auto/work/7ca2cb6d5d44b3b6d049e90bf7dbb10d527728ec
2024-06-04 06:43:48,435 - dpdispatcher - INFO - info:check_all_finished: False
2024-06-04 06:43:48,445 - dpdispatcher - INFO - job: ea5842edce1fb0cc2665155cf7af34cd10fd93dc submit; job_id is 4808
2024-06-04 06:43:48,454 - dpdispatcher - INFO - job: a127204d78332446c833f63baa6a3b0bf25c1fb4 submit; job_id is 4809
2024-06-04 06:44:39,531 - dpdispatcher - INFO - job: ea5842edce1fb0cc2665155cf7af34cd10fd93dc 4808 finished
2024-06-04 06:44:39,540 - dpdispatcher - INFO - job: a127204d78332446c833f63baa6a3b0bf25c1fb4 4809 finished
2024-06-04 06:44:39,651 - dpdispatcher - INFO - info:check_all_finished: False
2024-06-04 06:44:39,654 - dpdispatcher - INFO - job: e31d1607de3cccb6c5f551f95618cfb1d7585adc submit; job_id is 2261244
2024-06-04 06:44:39,657 - dpdispatcher - INFO - job: 056ec15a15fc737c0375e757a7dfdebfc60922ba submit; job_id is 2261246
2024-06-04 06:44:39,660 - dpdispatcher - INFO - job: 847fcdb0d0c24162c7c03ee7397434b75905539d submit; job_id is 2261249
2024-06-04 06:52:12,186 - dpdispatcher - INFO - job: e31d1607de3cccb6c5f551f95618cfb1d7585adc 2261244 finished
2024-06-04 07:03:03,954 - dpdispatcher - INFO - job: 056ec15a15fc737c0375e757a7dfdebfc60922ba 2261246 finished
2024-06-04 07:03:03,974 - dpdispatcher - INFO - job: 847fcdb0d0c24162c7c03ee7397434b75905539d 2261249 finished
2024-06-04 07:14:19,884 - dpdispatcher - INFO - info:check_all_finished: False
2024-06-04 07:14:19,895 - dpdispatcher - INFO - job: ea5842edce1fb0cc2665155cf7af34cd10fd93dc submit; job_id is 4810
2024-06-04 07:14:19,905 - dpdispatcher - INFO - job: a127204d78332446c833f63baa6a3b0bf25c1fb4 submit; job_id is 4811
2024-06-04 07:15:10,968 - dpdispatcher - INFO - job: ea5842edce1fb0cc2665155cf7af34cd10fd93dc 4810 finished
2024-06-04 07:15:10,978 - dpdispatcher - INFO - job: a127204d78332446c833f63baa6a3b0bf25c1fb4 4811 finished
2024-06-04 07:15:11,140 - dpdispatcher - INFO - info:check_all_finished: False
2024-06-04 07:15:11,143 - dpdispatcher - INFO - job: 02a237a7e88294302640dfe5db883bfad7ee6f7d submit; job_id is 2265018
2024-06-04 07:15:11,146 - dpdispatcher - INFO - job: d51fb81686efdf3fbbab224c28c87b3dbd64ef25 submit; job_id is 2265020
2024-06-04 07:15:11,148 - dpdispatcher - INFO - job: 391ac16306c399d6729daa7830277978e04f2dcb submit; job_id is 2265023
2024-06-04 07:32:02,935 - dpdispatcher - ERROR - 
Traceback (most recent call last):
  File "/home/yinbc/.conda/envs/deepmd_yichao/lib/python3.10/site-packages/dpdispatcher/submission.py", line 242, in run_submission
    time.sleep(50)
KeyboardInterrupt
2024-06-04 07:32:02,936 - dpdispatcher - INFO - submission exit: 914328d339c29c8066358542f87de1535556cdfe
2024-06-04 07:32:02,936 - dpdispatcher - INFO - at /home/yinbc/yichao/dev-002-dpgen-dimer/Cu_COH_dpa2/auto/work/914328d339c29c8066358542f87de1535556cdfe
2024-06-04 07:32:05,268 - dpdispatcher - INFO - info:check_all_finished: False
2024-06-04 07:32:05,278 - dpdispatcher - INFO - job: ea5842edce1fb0cc2665155cf7af34cd10fd93dc submit; job_id is 4812
2024-06-04 07:32:05,287 - dpdispatcher - INFO - job: a127204d78332446c833f63baa6a3b0bf25c1fb4 submit; job_id is 4813
2024-06-04 07:32:56,365 - dpdispatcher - INFO - job: ea5842edce1fb0cc2665155cf7af34cd10fd93dc 4812 finished
2024-06-04 07:32:56,374 - dpdispatcher - INFO - job: a127204d78332446c833f63baa6a3b0bf25c1fb4 4813 finished
2024-06-04 07:32:56,563 - dpdispatcher - INFO - info:check_all_finished: False
2024-06-04 07:32:56,566 - dpdispatcher - INFO - job: 02a237a7e88294302640dfe5db883bfad7ee6f7d submit; job_id is 2267849
2024-06-04 07:32:56,568 - dpdispatcher - INFO - job: d51fb81686efdf3fbbab224c28c87b3dbd64ef25 submit; job_id is 2267851
2024-06-04 07:32:56,570 - dpdispatcher - INFO - job: 391ac16306c399d6729daa7830277978e04f2dcb submit; job_id is 2267854
2024-06-04 07:33:40,391 - dpdispatcher - ERROR - 
Traceback (most recent call last):
  File "/home/yinbc/.conda/envs/deepmd_yichao/lib/python3.10/site-packages/dpdispatcher/submission.py", line 242, in run_submission
    time.sleep(50)
KeyboardInterrupt
2024-06-04 07:33:40,391 - dpdispatcher - INFO - submission exit: 914328d339c29c8066358542f87de1535556cdfe
2024-06-04 07:33:40,392 - dpdispatcher - INFO - at /home/yinbc/yichao/dev-002-dpgen-dimer/Cu_COH_dpa2/auto/work/914328d339c29c8066358542f87de1535556cdfe
2024-06-04 07:33:42,309 - dpdispatcher - INFO - info:check_all_finished: False
2024-06-04 07:33:42,319 - dpdispatcher - INFO - job: ea5842edce1fb0cc2665155cf7af34cd10fd93dc submit; job_id is 4814
2024-06-04 07:33:42,328 - dpdispatcher - INFO - job: a127204d78332446c833f63baa6a3b0bf25c1fb4 submit; job_id is 4815
2024-06-04 07:34:33,408 - dpdispatcher - INFO - job: ea5842edce1fb0cc2665155cf7af34cd10fd93dc 4814 finished
2024-06-04 07:34:33,417 - dpdispatcher - INFO - job: a127204d78332446c833f63baa6a3b0bf25c1fb4 4815 finished
2024-06-04 07:34:33,603 - dpdispatcher - INFO - info:check_all_finished: False
2024-06-04 07:34:33,606 - dpdispatcher - INFO - job: 02a237a7e88294302640dfe5db883bfad7ee6f7d submit; job_id is 2268445
2024-06-04 07:34:33,609 - dpdispatcher - INFO - job: d51fb81686efdf3fbbab224c28c87b3dbd64ef25 submit; job_id is 2268447
2024-06-04 07:34:33,611 - dpdispatcher - INFO - job: 391ac16306c399d6729daa7830277978e04f2dcb submit; job_id is 2268450
2024-06-04 07:38:45,484 - dpdispatcher - INFO - job: 391ac16306c399d6729daa7830277978e04f2dcb 2268450 finished
2024-06-04 07:38:45,484 - dpdispatcher - INFO - job: 02a237a7e88294302640dfe5db883bfad7ee6f7d 2268445 terminated;fail_cout is 1; resubmitting job
2024-06-04 07:38:45,520 - dpdispatcher - INFO - job:02a237a7e88294302640dfe5db883bfad7ee6f7d re-submit after terminated; new job_id is 2269851
2024-06-04 07:38:45,742 - dpdispatcher - INFO - job: 02a237a7e88294302640dfe5db883bfad7ee6f7d 2269851 finished
2024-06-04 07:38:45,742 - dpdispatcher - INFO - job:02a237a7e88294302640dfe5db883bfad7ee6f7d job_id:2269851 after re-submitting; the state now is <JobStatus.finished: 5>
2024-06-04 07:38:45,742 - dpdispatcher - INFO - job: d51fb81686efdf3fbbab224c28c87b3dbd64ef25 2268447 terminated;fail_cout is 1; resubmitting job
2024-06-04 07:38:45,744 - dpdispatcher - INFO - job:d51fb81686efdf3fbbab224c28c87b3dbd64ef25 re-submit after terminated; new job_id is 2269860
2024-06-04 07:38:45,967 - dpdispatcher - INFO - job: d51fb81686efdf3fbbab224c28c87b3dbd64ef25 2269860 finished
2024-06-04 07:38:45,967 - dpdispatcher - INFO - job:d51fb81686efdf3fbbab224c28c87b3dbd64ef25 job_id:2269860 after re-submitting; the state now is <JobStatus.finished: 5>
2024-06-04 11:13:00,760 - dpdispatcher - INFO - Find old submission; recover submission from json file;submission.submission_hash:7ca2cb6d5d44b3b6d049e90bf7dbb10d527728ec; machine.context.remote_root:/home/yinbc/yichao/dev-002-dpgen-dimer/RuN/auto/work/7ca2cb6d5d44b3b6d049e90bf7dbb10d527728ec; submission.work_base:iter.000000/01.model_devi;
2024-06-04 11:13:00,784 - dpdispatcher - INFO - info:check_all_finished: False
2024-06-04 11:13:00,786 - dpdispatcher - INFO - job: 21b684d2ac7373d71d72c0cd443b5184c373a367 4805 terminated;fail_cout is 2; resubmitting job
2024-06-04 11:13:00,795 - dpdispatcher - INFO - job:21b684d2ac7373d71d72c0cd443b5184c373a367 re-submit after terminated; new job_id is 4816
2024-06-04 11:13:01,004 - dpdispatcher - INFO - job:21b684d2ac7373d71d72c0cd443b5184c373a367 job_id:4816 after re-submitting; the state now is <JobStatus.waiting: 2>
2024-06-04 11:13:01,004 - dpdispatcher - INFO - job: 4dece1914e88aec6f2b7538dd18f494a8143a19e 4806 terminated;fail_cout is 2; resubmitting job
2024-06-04 11:13:01,012 - dpdispatcher - INFO - job:4dece1914e88aec6f2b7538dd18f494a8143a19e re-submit after terminated; new job_id is 4817
2024-06-04 11:13:01,219 - dpdispatcher - INFO - job:4dece1914e88aec6f2b7538dd18f494a8143a19e job_id:4817 after re-submitting; the state now is <JobStatus.waiting: 2>
2024-06-04 11:13:01,219 - dpdispatcher - INFO - job: 309f17beef57412be593501424db5c95324cc1b2 4807 terminated;fail_cout is 2; resubmitting job
2024-06-04 11:13:01,228 - dpdispatcher - INFO - job:309f17beef57412be593501424db5c95324cc1b2 re-submit after terminated; new job_id is 4818
2024-06-04 11:13:01,437 - dpdispatcher - INFO - job:309f17beef57412be593501424db5c95324cc1b2 job_id:4818 after re-submitting; the state now is <JobStatus.waiting: 2>
2024-06-04 11:13:52,543 - dpdispatcher - INFO - job: 21b684d2ac7373d71d72c0cd443b5184c373a367 4816 terminated;fail_cout is 3; resubmitting job
2024-06-04 11:15:10,762 - dpdispatcher - INFO - info:check_all_finished: False
2024-06-04 11:15:10,773 - dpdispatcher - INFO - job: f1dd620d7a165cdb34897a14591c003df9308b2e submit; job_id is 4819
2024-06-04 11:15:10,784 - dpdispatcher - INFO - job: 86ea21f4012a02103c24339690d893d3097e1f66 submit; job_id is 4820
2024-06-04 11:15:10,793 - dpdispatcher - INFO - job: 75df353c988205f26b384ff88577129498ca9256 submit; job_id is 4821
2024-06-04 11:16:01,883 - dpdispatcher - INFO - job: f1dd620d7a165cdb34897a14591c003df9308b2e 4819 finished
2024-06-04 11:16:01,892 - dpdispatcher - INFO - job: 86ea21f4012a02103c24339690d893d3097e1f66 4820 finished
2024-06-04 11:16:01,900 - dpdispatcher - INFO - job: 75df353c988205f26b384ff88577129498ca9256 4821 finished
2024-06-04 11:22:43,022 - dpdispatcher - INFO - info:check_all_finished: False
2024-06-04 11:22:43,032 - dpdispatcher - INFO - job: b543ede343f6542ee94e903a95c43f330b8d894a submit; job_id is 4822
2024-06-04 11:22:43,042 - dpdispatcher - INFO - job: d2dd8ae4e347b45d43008135c5c696cee697d03c submit; job_id is 4823
2024-06-04 11:22:43,052 - dpdispatcher - INFO - job: 0626fdcde7f9c6728d6ba5f09130c718a5aece1f submit; job_id is 4824
2024-06-04 11:23:34,140 - dpdispatcher - INFO - job: b543ede343f6542ee94e903a95c43f330b8d894a 4822 finished
2024-06-04 11:23:34,150 - dpdispatcher - INFO - job: d2dd8ae4e347b45d43008135c5c696cee697d03c 4823 finished
2024-06-04 11:23:34,159 - dpdispatcher - INFO - job: 0626fdcde7f9c6728d6ba5f09130c718a5aece1f 4824 finished
2024-06-04 11:30:51,513 - dpdispatcher - INFO - info:check_all_finished: False
2024-06-04 11:30:51,513 - dpdispatcher - INFO - remote path: /anvil/scratch/x-wang3/yinbc-dpclient/8923d46948ad44f6733b311885373bf5f1ae3520
2024-06-04 11:30:56,373 - dpdispatcher - INFO - job: 20fbd63eef2c095a07724f31277d5d6eba27c0ad submit; job_id is 5326720
2024-06-04 11:30:58,148 - dpdispatcher - INFO - job: c862493fabaf1db86752456d372e169e1035daee submit; job_id is 5326721
2024-06-04 11:30:59,998 - dpdispatcher - INFO - job: 7f600abe7a38239b2f07b98c84ea9126c1b1e3ba submit; job_id is 5326723
2024-06-04 11:31:02,162 - dpdispatcher - INFO - job: 167ea324bf4b4f64fe33d4c4295c5dea272cd35e submit; job_id is 5326726
2024-06-04 11:31:04,178 - dpdispatcher - INFO - job: 92b60103d97df2bbc0dc320028703dd86d4ffde6 submit; job_id is 5326729
2024-06-04 11:31:06,607 - dpdispatcher - INFO - job: 3072d58836706d312df01358a7091fb05068fa9f submit; job_id is 5326731
2024-06-04 11:31:08,309 - dpdispatcher - INFO - job: 31c193079dced78454c9cb9900ee9dd2695eb518 submit; job_id is 5326734
2024-06-04 11:31:10,094 - dpdispatcher - INFO - job: 19cbe5b87afd6980afed744021cc51991834ad13 submit; job_id is 5326737
2024-06-04 11:31:12,004 - dpdispatcher - INFO - job: 3bf1ee75aa0ee8729b572c0d6c1731743ecd06be submit; job_id is 5326739
2024-06-04 11:31:13,784 - dpdispatcher - INFO - job: 8e9f28b062f99830ea6f88ef4eb548278dfb6f6e submit; job_id is 5326742
2024-06-04 11:32:24,859 - dpdispatcher - ERROR - 
Traceback (most recent call last):
  File "/home/yinbc/.conda/envs/deepmd_yichao/lib/python3.10/site-packages/dpdispatcher/submission.py", line 242, in run_submission
    time.sleep(50)
KeyboardInterrupt
2024-06-04 11:32:24,861 - dpdispatcher - INFO - submission exit: 8923d46948ad44f6733b311885373bf5f1ae3520
2024-06-04 11:32:24,861 - dpdispatcher - INFO - at /anvil/scratch/x-wang3/yinbc-dpclient/8923d46948ad44f6733b311885373bf5f1ae3520
2024-06-04 11:32:44,159 - dpdispatcher - INFO - info:check_all_finished: False
2024-06-04 11:32:44,159 - dpdispatcher - INFO - remote path: /anvil/scratch/x-wang3/yinbc-dpclient/7a13383074bd446639425ac8495f49faf5182161
2024-06-04 11:32:49,233 - dpdispatcher - INFO - job: be73f719ed4514205acc4918a8aba1ee031ecb71 submit; job_id is 5326787
2024-06-04 11:32:50,980 - dpdispatcher - INFO - job: 3bebd79bb3527aec3d52052c54a8bcfa261755ff submit; job_id is 5326788
2024-06-04 11:32:53,113 - dpdispatcher - INFO - job: acd434d9d81c0b3037958e91cd4a0a88935d4c77 submit; job_id is 5326789
2024-06-04 11:32:54,813 - dpdispatcher - INFO - job: 9b35ebf58810390fcd13e7590067cca4b6cc0c03 submit; job_id is 5326790
2024-06-04 11:32:56,627 - dpdispatcher - INFO - job: bdf9dc875967eeca9eef87072de5e000e70f6c6d submit; job_id is 5326792
2024-06-04 11:32:58,534 - dpdispatcher - INFO - job: 65897cd6d0517126f3f30eecd882747c99945c32 submit; job_id is 5326793
2024-06-04 11:33:00,280 - dpdispatcher - INFO - job: 5a46a4cbcaebd07e9eb15a2be7abf41d657ebb82 submit; job_id is 5326796
2024-06-04 11:33:02,044 - dpdispatcher - INFO - job: 1faa0e0fe49303963e79c34ded826b4981c9316a submit; job_id is 5326797
2024-06-04 11:33:03,789 - dpdispatcher - INFO - job: bc0b0b187522ca6f4eac87aa3e7f14eec06c3b59 submit; job_id is 5326798
2024-06-04 11:33:05,556 - dpdispatcher - INFO - job: 80f68861e7b5d830b9f84cd79d688e5de4c39d33 submit; job_id is 5326799
2024-06-04 11:34:02,443 - dpdispatcher - INFO - job: be73f719ed4514205acc4918a8aba1ee031ecb71 5326787 finished
2024-06-04 11:34:03,035 - dpdispatcher - INFO - job: 3bebd79bb3527aec3d52052c54a8bcfa261755ff 5326788 finished
2024-06-04 11:34:03,787 - dpdispatcher - INFO - job: acd434d9d81c0b3037958e91cd4a0a88935d4c77 5326789 finished
2024-06-04 11:34:04,315 - dpdispatcher - INFO - job: 9b35ebf58810390fcd13e7590067cca4b6cc0c03 5326790 finished
2024-06-04 11:34:04,888 - dpdispatcher - INFO - job: bdf9dc875967eeca9eef87072de5e000e70f6c6d 5326792 finished
2024-06-04 11:34:05,492 - dpdispatcher - INFO - job: 65897cd6d0517126f3f30eecd882747c99945c32 5326793 finished
2024-06-04 11:34:06,069 - dpdispatcher - INFO - job: 5a46a4cbcaebd07e9eb15a2be7abf41d657ebb82 5326796 finished
2024-06-04 11:34:06,654 - dpdispatcher - INFO - job: 1faa0e0fe49303963e79c34ded826b4981c9316a 5326797 finished
2024-06-04 11:34:07,231 - dpdispatcher - INFO - job: bc0b0b187522ca6f4eac87aa3e7f14eec06c3b59 5326798 finished
2024-06-04 11:34:07,811 - dpdispatcher - INFO - job: 80f68861e7b5d830b9f84cd79d688e5de4c39d33 5326799 finished
2024-06-04 14:10:40,042 - dpdispatcher - INFO - info:check_all_finished: False
2024-06-04 14:10:40,049 - dpdispatcher - INFO - job: ea5842edce1fb0cc2665155cf7af34cd10fd93dc submit; job_id is 4825
2024-06-04 14:10:40,054 - dpdispatcher - INFO - job: a127204d78332446c833f63baa6a3b0bf25c1fb4 submit; job_id is 4826
2024-06-04 14:11:08,853 - dpdispatcher - ERROR - 
Traceback (most recent call last):
  File "/home/yinbc/.conda/envs/deepmd_yichao/lib/python3.10/site-packages/dpdispatcher/submission.py", line 242, in run_submission
    time.sleep(50)
KeyboardInterrupt
2024-06-04 14:11:08,853 - dpdispatcher - INFO - submission exit: 47d7b10d9b9fea4fc301e176f3390b76d36cd066
2024-06-04 14:11:08,853 - dpdispatcher - INFO - at /home/yinbc/yichao/dev-002-dpgen-dimer/Cu_COH_dpa2/auto/work/47d7b10d9b9fea4fc301e176f3390b76d36cd066
2024-06-04 14:13:18,819 - dpdispatcher - INFO - info:check_all_finished: False
2024-06-04 14:13:18,829 - dpdispatcher - INFO - job: ea5842edce1fb0cc2665155cf7af34cd10fd93dc submit; job_id is 4827
2024-06-04 14:13:18,838 - dpdispatcher - INFO - job: a127204d78332446c833f63baa6a3b0bf25c1fb4 submit; job_id is 4828
2024-06-04 14:13:46,294 - dpdispatcher - INFO - info:check_all_finished: False
2024-06-04 14:13:46,305 - dpdispatcher - INFO - job: ea5842edce1fb0cc2665155cf7af34cd10fd93dc submit; job_id is 4829
2024-06-04 14:13:46,314 - dpdispatcher - INFO - job: a127204d78332446c833f63baa6a3b0bf25c1fb4 submit; job_id is 4830
2024-06-04 14:16:10,337 - dpdispatcher - INFO - info:check_all_finished: False
2024-06-04 14:16:10,348 - dpdispatcher - INFO - job: ea5842edce1fb0cc2665155cf7af34cd10fd93dc submit; job_id is 4831
2024-06-04 14:16:10,357 - dpdispatcher - INFO - job: a127204d78332446c833f63baa6a3b0bf25c1fb4 submit; job_id is 4832
2024-06-04 14:16:16,761 - dpdispatcher - ERROR - 
Traceback (most recent call last):
  File "/home/yinbc/.conda/envs/deepmd_yichao/lib/python3.10/site-packages/dpdispatcher/submission.py", line 242, in run_submission
    time.sleep(50)
KeyboardInterrupt
2024-06-04 14:16:16,762 - dpdispatcher - INFO - submission exit: 47d7b10d9b9fea4fc301e176f3390b76d36cd066
2024-06-04 14:16:16,762 - dpdispatcher - INFO - at /home/yinbc/yichao/dev-002-dpgen-dimer/Cu_COH_dpa2/auto/work/47d7b10d9b9fea4fc301e176f3390b76d36cd066
2024-06-04 14:16:53,572 - dpdispatcher - INFO - info:check_all_finished: False
2024-06-04 14:16:53,582 - dpdispatcher - INFO - job: ea5842edce1fb0cc2665155cf7af34cd10fd93dc submit; job_id is 4833
2024-06-04 14:16:53,592 - dpdispatcher - INFO - job: a127204d78332446c833f63baa6a3b0bf25c1fb4 submit; job_id is 4834
2024-06-04 14:17:44,658 - dpdispatcher - INFO - job: ea5842edce1fb0cc2665155cf7af34cd10fd93dc 4833 finished
2024-06-04 14:17:44,667 - dpdispatcher - INFO - job: a127204d78332446c833f63baa6a3b0bf25c1fb4 4834 finished
2024-06-04 14:17:44,820 - dpdispatcher - INFO - info:check_all_finished: False
2024-06-04 14:17:44,889 - dpdispatcher - INFO - job: 02a237a7e88294302640dfe5db883bfad7ee6f7d submit; job_id is 2396212
2024-06-04 14:17:44,891 - dpdispatcher - INFO - job: d51fb81686efdf3fbbab224c28c87b3dbd64ef25 submit; job_id is 2396214
2024-06-04 14:17:44,894 - dpdispatcher - INFO - job: 391ac16306c399d6729daa7830277978e04f2dcb submit; job_id is 2396217
2024-06-04 14:19:26,262 - dpdispatcher - INFO - job: 02a237a7e88294302640dfe5db883bfad7ee6f7d 2396212 finished
2024-06-04 14:19:26,283 - dpdispatcher - INFO - job: d51fb81686efdf3fbbab224c28c87b3dbd64ef25 2396214 finished
2024-06-04 14:19:26,304 - dpdispatcher - INFO - job: 391ac16306c399d6729daa7830277978e04f2dcb 2396217 finished
2024-06-04 14:45:43,385 - dpdispatcher - INFO - info:check_all_finished: False
2024-06-04 14:45:43,396 - dpdispatcher - INFO - job: ea5842edce1fb0cc2665155cf7af34cd10fd93dc submit; job_id is 4835
2024-06-04 14:45:43,405 - dpdispatcher - INFO - job: a127204d78332446c833f63baa6a3b0bf25c1fb4 submit; job_id is 4836
2024-06-04 14:46:34,486 - dpdispatcher - INFO - job: ea5842edce1fb0cc2665155cf7af34cd10fd93dc 4835 finished
2024-06-04 14:46:34,495 - dpdispatcher - INFO - job: a127204d78332446c833f63baa6a3b0bf25c1fb4 4836 finished
2024-06-04 14:46:34,668 - dpdispatcher - INFO - info:check_all_finished: False
2024-06-04 14:46:34,671 - dpdispatcher - INFO - job: 02a237a7e88294302640dfe5db883bfad7ee6f7d submit; job_id is 2409255
2024-06-04 14:46:34,674 - dpdispatcher - INFO - job: d51fb81686efdf3fbbab224c28c87b3dbd64ef25 submit; job_id is 2409257
2024-06-04 14:46:34,676 - dpdispatcher - INFO - job: 391ac16306c399d6729daa7830277978e04f2dcb submit; job_id is 2409261
2024-06-04 14:48:16,036 - dpdispatcher - INFO - job: 02a237a7e88294302640dfe5db883bfad7ee6f7d 2409255 finished
2024-06-04 14:48:16,058 - dpdispatcher - INFO - job: d51fb81686efdf3fbbab224c28c87b3dbd64ef25 2409257 finished
2024-06-04 14:48:16,079 - dpdispatcher - INFO - job: 391ac16306c399d6729daa7830277978e04f2dcb 2409261 finished
2024-06-04 14:52:02,319 - dpdispatcher - INFO - info:check_all_finished: False
2024-06-04 14:52:02,331 - dpdispatcher - INFO - job: ea5842edce1fb0cc2665155cf7af34cd10fd93dc submit; job_id is 4837
2024-06-04 14:52:02,341 - dpdispatcher - INFO - job: a127204d78332446c833f63baa6a3b0bf25c1fb4 submit; job_id is 4838
2024-06-04 14:52:53,418 - dpdispatcher - INFO - job: ea5842edce1fb0cc2665155cf7af34cd10fd93dc 4837 finished
2024-06-04 14:52:53,427 - dpdispatcher - INFO - job: a127204d78332446c833f63baa6a3b0bf25c1fb4 4838 finished
2024-06-04 14:52:53,603 - dpdispatcher - INFO - info:check_all_finished: False
2024-06-04 14:52:53,606 - dpdispatcher - INFO - job: 02a237a7e88294302640dfe5db883bfad7ee6f7d submit; job_id is 2412777
2024-06-04 14:52:53,608 - dpdispatcher - INFO - job: d51fb81686efdf3fbbab224c28c87b3dbd64ef25 submit; job_id is 2412779
2024-06-04 14:52:53,610 - dpdispatcher - INFO - job: 391ac16306c399d6729daa7830277978e04f2dcb submit; job_id is 2412782
2024-06-04 14:54:34,900 - dpdispatcher - INFO - job: 02a237a7e88294302640dfe5db883bfad7ee6f7d 2412777 finished
2024-06-04 14:54:34,923 - dpdispatcher - INFO - job: d51fb81686efdf3fbbab224c28c87b3dbd64ef25 2412779 finished
2024-06-04 14:54:34,942 - dpdispatcher - INFO - job: 391ac16306c399d6729daa7830277978e04f2dcb 2412782 finished
2024-06-04 15:04:18,263 - dpdispatcher - INFO - info:check_all_finished: False
2024-06-04 15:04:18,272 - dpdispatcher - INFO - job: ea5842edce1fb0cc2665155cf7af34cd10fd93dc submit; job_id is 4839
2024-06-04 15:04:18,279 - dpdispatcher - INFO - job: a127204d78332446c833f63baa6a3b0bf25c1fb4 submit; job_id is 4840
2024-06-04 15:05:09,355 - dpdispatcher - INFO - job: ea5842edce1fb0cc2665155cf7af34cd10fd93dc 4839 finished
2024-06-04 15:05:09,364 - dpdispatcher - INFO - job: a127204d78332446c833f63baa6a3b0bf25c1fb4 4840 finished
2024-06-04 15:05:09,535 - dpdispatcher - INFO - info:check_all_finished: False
2024-06-04 15:05:09,538 - dpdispatcher - INFO - job: 02a237a7e88294302640dfe5db883bfad7ee6f7d submit; job_id is 2419045
2024-06-04 15:05:09,541 - dpdispatcher - INFO - job: d51fb81686efdf3fbbab224c28c87b3dbd64ef25 submit; job_id is 2419047
2024-06-04 15:05:09,543 - dpdispatcher - INFO - job: 391ac16306c399d6729daa7830277978e04f2dcb submit; job_id is 2419051
2024-06-04 15:06:50,915 - dpdispatcher - INFO - job: 02a237a7e88294302640dfe5db883bfad7ee6f7d 2419045 finished
2024-06-04 15:06:50,935 - dpdispatcher - INFO - job: d51fb81686efdf3fbbab224c28c87b3dbd64ef25 2419047 finished
2024-06-04 15:06:50,954 - dpdispatcher - INFO - job: 391ac16306c399d6729daa7830277978e04f2dcb 2419051 finished
2024-06-04 15:09:21,040 - dpdispatcher - INFO - info:check_all_finished: False
2024-06-04 15:09:21,050 - dpdispatcher - INFO - job: ea5842edce1fb0cc2665155cf7af34cd10fd93dc submit; job_id is 4841
2024-06-04 15:09:21,059 - dpdispatcher - INFO - job: a127204d78332446c833f63baa6a3b0bf25c1fb4 submit; job_id is 4842
2024-06-04 15:10:12,130 - dpdispatcher - INFO - job: ea5842edce1fb0cc2665155cf7af34cd10fd93dc 4841 finished
2024-06-04 15:10:12,139 - dpdispatcher - INFO - job: a127204d78332446c833f63baa6a3b0bf25c1fb4 4842 finished
2024-06-04 15:10:12,316 - dpdispatcher - INFO - info:check_all_finished: False
2024-06-04 15:10:12,319 - dpdispatcher - INFO - job: 02a237a7e88294302640dfe5db883bfad7ee6f7d submit; job_id is 2421754
2024-06-04 15:10:12,321 - dpdispatcher - INFO - job: d51fb81686efdf3fbbab224c28c87b3dbd64ef25 submit; job_id is 2421756
2024-06-04 15:10:12,323 - dpdispatcher - INFO - job: 391ac16306c399d6729daa7830277978e04f2dcb submit; job_id is 2421759
2024-06-04 15:11:53,628 - dpdispatcher - INFO - job: 02a237a7e88294302640dfe5db883bfad7ee6f7d 2421754 finished
2024-06-04 15:11:53,650 - dpdispatcher - INFO - job: d51fb81686efdf3fbbab224c28c87b3dbd64ef25 2421756 finished
2024-06-04 15:11:53,671 - dpdispatcher - INFO - job: 391ac16306c399d6729daa7830277978e04f2dcb 2421759 finished
2024-06-04 15:13:26,225 - dpdispatcher - INFO - info:check_all_finished: False
2024-06-04 15:13:26,235 - dpdispatcher - INFO - job: ea5842edce1fb0cc2665155cf7af34cd10fd93dc submit; job_id is 4843
2024-06-04 15:13:26,245 - dpdispatcher - INFO - job: a127204d78332446c833f63baa6a3b0bf25c1fb4 submit; job_id is 4844
2024-06-04 15:14:17,325 - dpdispatcher - INFO - job: ea5842edce1fb0cc2665155cf7af34cd10fd93dc 4843 finished
2024-06-04 15:14:17,333 - dpdispatcher - INFO - job: a127204d78332446c833f63baa6a3b0bf25c1fb4 4844 finished
2024-06-04 15:14:17,499 - dpdispatcher - INFO - info:check_all_finished: False
2024-06-04 15:14:17,502 - dpdispatcher - INFO - job: 02a237a7e88294302640dfe5db883bfad7ee6f7d submit; job_id is 2424047
2024-06-04 15:14:17,504 - dpdispatcher - INFO - job: d51fb81686efdf3fbbab224c28c87b3dbd64ef25 submit; job_id is 2424049
2024-06-04 15:14:17,507 - dpdispatcher - INFO - job: 391ac16306c399d6729daa7830277978e04f2dcb submit; job_id is 2424052
2024-06-04 15:15:58,847 - dpdispatcher - INFO - job: 02a237a7e88294302640dfe5db883bfad7ee6f7d 2424047 finished
2024-06-04 15:15:58,870 - dpdispatcher - INFO - job: d51fb81686efdf3fbbab224c28c87b3dbd64ef25 2424049 finished
2024-06-04 15:15:58,890 - dpdispatcher - INFO - job: 391ac16306c399d6729daa7830277978e04f2dcb 2424052 finished
2024-06-04 15:16:01,891 - dpdispatcher - INFO - info:check_all_finished: False
2024-06-04 15:16:01,891 - dpdispatcher - INFO - remote path: /anvil/scratch/x-wang3/yinbc-dpclient/132039d773a9747a9e2dc8b89d464dd3553de572
2024-06-04 15:16:06,998 - dpdispatcher - INFO - job: f9790ea1f2de5011429efe9b7ea4a4cfc53f46fe submit; job_id is 5328307
2024-06-04 15:16:08,736 - dpdispatcher - INFO - job: 68da1d654e627e23a38df07f83c895e3d496dd77 submit; job_id is 5328308
2024-06-04 15:16:10,490 - dpdispatcher - INFO - job: 2a1a8d8cd663cc20a8024cbbef0bae1a3b8c7b89 submit; job_id is 5328309
2024-06-04 15:16:12,246 - dpdispatcher - INFO - job: 6b885a25238a9365ea11026d70d19de70cf09235 submit; job_id is 5328310
2024-06-04 15:16:13,969 - dpdispatcher - INFO - job: 120acfeaf41f0ef4bbcc853d1ca7a5968bc773e8 submit; job_id is 5328311
2024-06-04 15:16:15,653 - dpdispatcher - INFO - job: 80d70c9f52ca73c0b5f62d9bdd07de78f67a6a5c submit; job_id is 5328312
2024-06-04 15:16:17,440 - dpdispatcher - INFO - job: 87acf5b8f7ea9b93c38773664bfa82281a391d05 submit; job_id is 5328313
2024-06-04 15:16:19,408 - dpdispatcher - INFO - job: e5ce0a84044ed57a029f1d0688481d2ec7997e78 submit; job_id is 5328314
2024-06-04 15:16:21,174 - dpdispatcher - INFO - job: 1976701c42be3ffe62701a5a2de4d3685c741274 submit; job_id is 5328315
2024-06-04 15:16:22,901 - dpdispatcher - INFO - job: 65846e89b00e8c7db5d82481187fc36aaa259645 submit; job_id is 5328316
2024-06-04 15:34:00,426 - dpdispatcher - ERROR - 
Traceback (most recent call last):
  File "/home/yinbc/.conda/envs/deepmd_yichao/lib/python3.10/site-packages/dpdispatcher/submission.py", line 242, in run_submission
    time.sleep(50)
KeyboardInterrupt
2024-06-04 15:34:00,427 - dpdispatcher - INFO - submission exit: 132039d773a9747a9e2dc8b89d464dd3553de572
2024-06-04 15:34:00,427 - dpdispatcher - INFO - at /anvil/scratch/x-wang3/yinbc-dpclient/132039d773a9747a9e2dc8b89d464dd3553de572
2024-06-04 15:34:30,900 - dpdispatcher - INFO - info:check_all_finished: False
2024-06-04 15:34:30,908 - dpdispatcher - INFO - job: ea5842edce1fb0cc2665155cf7af34cd10fd93dc submit; job_id is 4845
2024-06-04 15:34:30,917 - dpdispatcher - INFO - job: a127204d78332446c833f63baa6a3b0bf25c1fb4 submit; job_id is 4846
2024-06-04 15:34:42,760 - dpdispatcher - ERROR - 
Traceback (most recent call last):
  File "/home/yinbc/.conda/envs/deepmd_yichao/lib/python3.10/site-packages/dpdispatcher/submission.py", line 242, in run_submission
    time.sleep(50)
KeyboardInterrupt
2024-06-04 15:34:42,761 - dpdispatcher - INFO - submission exit: 47d7b10d9b9fea4fc301e176f3390b76d36cd066
2024-06-04 15:34:42,761 - dpdispatcher - INFO - at /home/yinbc/yichao/dev-002-dpgen-dimer/Cu_COH_dpa2/auto/work/47d7b10d9b9fea4fc301e176f3390b76d36cd066
2024-06-04 15:44:06,341 - dpdispatcher - INFO - info:check_all_finished: False
2024-06-04 15:44:06,352 - dpdispatcher - INFO - job: ea5842edce1fb0cc2665155cf7af34cd10fd93dc submit; job_id is 4847
2024-06-04 15:44:06,362 - dpdispatcher - INFO - job: a127204d78332446c833f63baa6a3b0bf25c1fb4 submit; job_id is 4848
2024-06-04 15:44:57,441 - dpdispatcher - INFO - job: ea5842edce1fb0cc2665155cf7af34cd10fd93dc 4847 finished
2024-06-04 15:44:57,451 - dpdispatcher - INFO - job: a127204d78332446c833f63baa6a3b0bf25c1fb4 4848 finished
2024-06-04 15:44:57,636 - dpdispatcher - INFO - info:check_all_finished: False
2024-06-04 15:44:57,639 - dpdispatcher - INFO - job: 02a237a7e88294302640dfe5db883bfad7ee6f7d submit; job_id is 2439207
2024-06-04 15:44:57,642 - dpdispatcher - INFO - job: d51fb81686efdf3fbbab224c28c87b3dbd64ef25 submit; job_id is 2439209
2024-06-04 15:44:57,645 - dpdispatcher - INFO - job: 391ac16306c399d6729daa7830277978e04f2dcb submit; job_id is 2439212
2024-06-04 15:46:39,021 - dpdispatcher - INFO - job: 02a237a7e88294302640dfe5db883bfad7ee6f7d 2439207 finished
2024-06-04 15:46:39,044 - dpdispatcher - INFO - job: d51fb81686efdf3fbbab224c28c87b3dbd64ef25 2439209 finished
2024-06-04 15:46:39,065 - dpdispatcher - INFO - job: 391ac16306c399d6729daa7830277978e04f2dcb 2439212 finished
2024-06-04 15:46:44,383 - dpdispatcher - INFO - Find old submission; recover submission from json file;submission.submission_hash:132039d773a9747a9e2dc8b89d464dd3553de572; machine.context.remote_root:/anvil/scratch/x-wang3/yinbc-dpclient/132039d773a9747a9e2dc8b89d464dd3553de572; submission.work_base:iter.000000/02.fp;
2024-06-04 15:46:49,055 - dpdispatcher - INFO - info:check_all_finished: False
2024-06-04 15:46:49,056 - dpdispatcher - INFO - remote path: /anvil/scratch/x-wang3/yinbc-dpclient/132039d773a9747a9e2dc8b89d464dd3553de572
2024-06-04 15:49:42,099 - dpdispatcher - INFO - job: f9790ea1f2de5011429efe9b7ea4a4cfc53f46fe 5328307 finished
2024-06-04 15:51:30,828 - dpdispatcher - INFO - job: 68da1d654e627e23a38df07f83c895e3d496dd77 5328308 finished
2024-06-04 15:53:10,046 - dpdispatcher - ERROR - 
Traceback (most recent call last):
  File "/home/yinbc/.conda/envs/deepmd_yichao/lib/python3.10/site-packages/dpdispatcher/submission.py", line 242, in run_submission
    time.sleep(50)
KeyboardInterrupt
2024-06-04 15:53:10,047 - dpdispatcher - INFO - submission exit: 132039d773a9747a9e2dc8b89d464dd3553de572
2024-06-04 15:53:10,047 - dpdispatcher - INFO - at /anvil/scratch/x-wang3/yinbc-dpclient/132039d773a9747a9e2dc8b89d464dd3553de572
2024-06-04 16:27:50,200 - dpdispatcher - INFO - info:check_all_finished: False
2024-06-04 16:27:50,208 - dpdispatcher - INFO - job: ea5842edce1fb0cc2665155cf7af34cd10fd93dc submit; job_id is 4849
2024-06-04 16:27:50,217 - dpdispatcher - INFO - job: a127204d78332446c833f63baa6a3b0bf25c1fb4 submit; job_id is 4850
2024-06-04 16:27:54,250 - dpdispatcher - ERROR - 
Traceback (most recent call last):
  File "/home/yinbc/.conda/envs/deepmd_yichao/lib/python3.10/site-packages/dpdispatcher/submission.py", line 242, in run_submission
    time.sleep(50)
KeyboardInterrupt
2024-06-04 16:27:54,251 - dpdispatcher - INFO - submission exit: 47d7b10d9b9fea4fc301e176f3390b76d36cd066
2024-06-04 16:27:54,251 - dpdispatcher - INFO - at /home/yinbc/yichao/dev-002-dpgen-dimer/Cu_COH_dpa2/auto/work/47d7b10d9b9fea4fc301e176f3390b76d36cd066
2024-06-04 16:29:23,181 - dpdispatcher - INFO - info:check_all_finished: False
2024-06-04 16:29:23,191 - dpdispatcher - INFO - job: ea5842edce1fb0cc2665155cf7af34cd10fd93dc submit; job_id is 4851
2024-06-04 16:29:23,200 - dpdispatcher - INFO - job: a127204d78332446c833f63baa6a3b0bf25c1fb4 submit; job_id is 4852
2024-06-04 16:30:14,281 - dpdispatcher - INFO - job: ea5842edce1fb0cc2665155cf7af34cd10fd93dc 4851 finished
2024-06-04 16:30:14,290 - dpdispatcher - INFO - job: a127204d78332446c833f63baa6a3b0bf25c1fb4 4852 finished
2024-06-04 16:30:14,447 - dpdispatcher - INFO - info:check_all_finished: False
2024-06-04 16:30:14,450 - dpdispatcher - INFO - job: 02a237a7e88294302640dfe5db883bfad7ee6f7d submit; job_id is 2459822
2024-06-04 16:30:14,453 - dpdispatcher - INFO - job: d51fb81686efdf3fbbab224c28c87b3dbd64ef25 submit; job_id is 2459824
2024-06-04 16:30:14,455 - dpdispatcher - INFO - job: 391ac16306c399d6729daa7830277978e04f2dcb submit; job_id is 2459827
2024-06-04 16:31:55,783 - dpdispatcher - INFO - job: 02a237a7e88294302640dfe5db883bfad7ee6f7d 2459822 finished
2024-06-04 16:31:55,803 - dpdispatcher - INFO - job: d51fb81686efdf3fbbab224c28c87b3dbd64ef25 2459824 finished
2024-06-04 16:31:55,821 - dpdispatcher - INFO - job: 391ac16306c399d6729daa7830277978e04f2dcb 2459827 finished
2024-06-04 16:32:00,996 - dpdispatcher - INFO - Find old submission; recover submission from json file;submission.submission_hash:132039d773a9747a9e2dc8b89d464dd3553de572; machine.context.remote_root:/anvil/scratch/x-wang3/yinbc-dpclient/132039d773a9747a9e2dc8b89d464dd3553de572; submission.work_base:iter.000000/02.fp;
2024-06-04 16:32:01,527 - dpdispatcher - INFO - job: 2a1a8d8cd663cc20a8024cbbef0bae1a3b8c7b89 5328309 finished
2024-06-04 16:32:03,950 - dpdispatcher - INFO - job: 6b885a25238a9365ea11026d70d19de70cf09235 5328310 finished
2024-06-04 16:32:05,537 - dpdispatcher - INFO - job: 120acfeaf41f0ef4bbcc853d1ca7a5968bc773e8 5328311 finished
2024-06-04 16:32:08,153 - dpdispatcher - INFO - info:check_all_finished: False
2024-06-04 16:32:08,153 - dpdispatcher - INFO - remote path: /anvil/scratch/x-wang3/yinbc-dpclient/132039d773a9747a9e2dc8b89d464dd3553de572
2024-06-04 22:11:44,523 - dpdispatcher - INFO - job: 80d70c9f52ca73c0b5f62d9bdd07de78f67a6a5c 5328312 finished
2024-06-04 22:11:45,082 - dpdispatcher - INFO - job: 87acf5b8f7ea9b93c38773664bfa82281a391d05 5328313 finished
2024-06-04 22:14:19,839 - dpdispatcher - INFO - job: e5ce0a84044ed57a029f1d0688481d2ec7997e78 5328314 finished
2024-06-04 22:14:20,394 - dpdispatcher - INFO - job: 1976701c42be3ffe62701a5a2de4d3685c741274 5328315 finished
2024-06-04 22:16:01,897 - dpdispatcher - INFO - job: 65846e89b00e8c7db5d82481187fc36aaa259645 5328316 finished
2024-06-04 23:37:24,859 - dpdispatcher - INFO - info:check_all_finished: False
2024-06-04 23:37:24,859 - dpdispatcher - INFO - remote path: /anvil/scratch/x-wang3/yinbc-dpclient/7a13383074bd446639425ac8495f49faf5182161
2024-06-04 23:37:30,141 - dpdispatcher - INFO - job: be73f719ed4514205acc4918a8aba1ee031ecb71 submit; job_id is 5333033
2024-06-04 23:37:31,873 - dpdispatcher - INFO - job: 3bebd79bb3527aec3d52052c54a8bcfa261755ff submit; job_id is 5333034
2024-06-04 23:37:33,576 - dpdispatcher - INFO - job: acd434d9d81c0b3037958e91cd4a0a88935d4c77 submit; job_id is 5333035
2024-06-04 23:37:35,279 - dpdispatcher - INFO - job: 9b35ebf58810390fcd13e7590067cca4b6cc0c03 submit; job_id is 5333036
2024-06-04 23:37:37,032 - dpdispatcher - INFO - job: bdf9dc875967eeca9eef87072de5e000e70f6c6d submit; job_id is 5333037
2024-06-04 23:37:38,906 - dpdispatcher - INFO - job: 65897cd6d0517126f3f30eecd882747c99945c32 submit; job_id is 5333038
2024-06-04 23:37:40,657 - dpdispatcher - INFO - job: 5a46a4cbcaebd07e9eb15a2be7abf41d657ebb82 submit; job_id is 5333039
2024-06-04 23:37:42,389 - dpdispatcher - INFO - job: 1faa0e0fe49303963e79c34ded826b4981c9316a submit; job_id is 5333040
2024-06-04 23:37:44,091 - dpdispatcher - INFO - job: bc0b0b187522ca6f4eac87aa3e7f14eec06c3b59 submit; job_id is 5333041
2024-06-04 23:37:45,854 - dpdispatcher - INFO - job: 80f68861e7b5d830b9f84cd79d688e5de4c39d33 submit; job_id is 5333042
2024-06-04 23:38:42,632 - dpdispatcher - INFO - job: be73f719ed4514205acc4918a8aba1ee031ecb71 5333033 finished
2024-06-04 23:38:43,195 - dpdispatcher - INFO - job: 3bebd79bb3527aec3d52052c54a8bcfa261755ff 5333034 finished
2024-06-04 23:38:43,757 - dpdispatcher - INFO - job: acd434d9d81c0b3037958e91cd4a0a88935d4c77 5333035 finished
2024-06-04 23:38:44,312 - dpdispatcher - INFO - job: 9b35ebf58810390fcd13e7590067cca4b6cc0c03 5333036 finished
2024-06-04 23:38:44,879 - dpdispatcher - INFO - job: bdf9dc875967eeca9eef87072de5e000e70f6c6d 5333037 finished
2024-06-04 23:38:45,442 - dpdispatcher - INFO - job: 65897cd6d0517126f3f30eecd882747c99945c32 5333038 finished
2024-06-04 23:38:46,005 - dpdispatcher - INFO - job: 5a46a4cbcaebd07e9eb15a2be7abf41d657ebb82 5333039 finished
2024-06-04 23:38:46,571 - dpdispatcher - INFO - job: 1faa0e0fe49303963e79c34ded826b4981c9316a 5333040 finished
2024-06-04 23:38:47,129 - dpdispatcher - INFO - job: bc0b0b187522ca6f4eac87aa3e7f14eec06c3b59 5333041 finished
2024-06-04 23:38:47,693 - dpdispatcher - INFO - job: 80f68861e7b5d830b9f84cd79d688e5de4c39d33 5333042 finished
2024-06-05 00:13:46,300 - dpdispatcher - INFO - info:check_all_finished: False
2024-06-05 00:13:46,300 - dpdispatcher - INFO - remote path: /anvil/scratch/x-wang3/yinbc-dpclient/613cf9dc0075611b8da2e620f8c8aea4880f4f44
2024-06-05 00:13:54,362 - dpdispatcher - INFO - job: e077f7977fccf2caa8e674cac1c364f84bda9346 submit; job_id is 5333137
2024-06-05 00:13:56,053 - dpdispatcher - INFO - job: 25663723480013b7e5c435033c81fc1abd8c25a8 submit; job_id is 5333138
2024-06-05 00:13:57,761 - dpdispatcher - INFO - job: d24d96a339688b28e38852e266d5a59e1cd73a77 submit; job_id is 5333139
2024-06-05 00:13:59,505 - dpdispatcher - INFO - job: 6a4feb99a4df3c657aa9994331efc4c0b53342b1 submit; job_id is 5333140
2024-06-05 00:14:01,233 - dpdispatcher - INFO - job: 4fa2b1d9694b65ee2798b69fea548654e5124b07 submit; job_id is 5333141
2024-06-05 00:14:02,926 - dpdispatcher - INFO - job: 0c829f7b35b60a7afffc27baba269d99dad9e308 submit; job_id is 5333142
2024-06-05 00:14:04,619 - dpdispatcher - INFO - job: 7d3eec4a74713ddb46f9eb328a0d7cbad009af06 submit; job_id is 5333143
2024-06-05 00:14:06,391 - dpdispatcher - INFO - job: 706872e3ea5b6340967d05993b1bedb65f8fd86e submit; job_id is 5333144
2024-06-05 00:14:08,299 - dpdispatcher - INFO - job: bd75641738e663f9e3f3b4f142632d7cadb38ef4 submit; job_id is 5333145
2024-06-05 00:14:10,014 - dpdispatcher - INFO - job: 92e64b0b40d799166fa0d6610eab1340cc9c50c5 submit; job_id is 5333146
2024-06-05 00:14:11,769 - dpdispatcher - INFO - job: 8bc4e4f2c54f9901ec5867261b428045f806aeb4 submit; job_id is 5333147
2024-06-05 00:14:13,463 - dpdispatcher - INFO - job: ea3df3d30352ea2428e76e07725cd8daa283a911 submit; job_id is 5333148
2024-06-05 00:14:15,225 - dpdispatcher - INFO - job: 8616411f7e7bf4ddcf1377bc15cc3329f687a3aa submit; job_id is 5333149
2024-06-05 00:14:16,923 - dpdispatcher - INFO - job: be9004c900ff21374b88f9b4b96099ecbdf66985 submit; job_id is 5333150
2024-06-05 00:14:18,672 - dpdispatcher - INFO - job: 7cd5f2a114bbb4dacd1be81b3adf3de3c71eee47 submit; job_id is 5333151
2024-06-05 00:14:20,384 - dpdispatcher - INFO - job: fd33692e102813bc6186292e67a92b9d9b00a2d8 submit; job_id is 5333152
2024-06-05 00:14:22,096 - dpdispatcher - INFO - job: 3c2015cc48cc312ed823ed44ba490445f320e770 submit; job_id is 5333153
2024-06-05 00:14:23,821 - dpdispatcher - INFO - job: fcd4ac5aba9e056d3ca8df640baaa282fee3cd28 submit; job_id is 5333154
2024-06-05 00:14:25,532 - dpdispatcher - INFO - job: 86e0904a3bcb8388e50fd18667aced2d6c07b932 submit; job_id is 5333155
2024-06-05 00:14:31,518 - dpdispatcher - INFO - job: 5604a31b1a425cbf8a8470513296ff666d1f2b83 submit; job_id is 5333156
2024-06-05 00:14:33,215 - dpdispatcher - INFO - job: fc176596c9e2b01b5f18f8011b841a120fd15039 submit; job_id is 5333157
2024-06-05 00:14:34,922 - dpdispatcher - INFO - job: 3227bc4eaa9b241e58f2731f9dc71c1f05c52b85 submit; job_id is 5333158
2024-06-05 00:14:36,612 - dpdispatcher - INFO - job: d43d9389f1ad534ffef545ff8fae0805a074c8f9 submit; job_id is 5333159
2024-06-05 00:14:38,301 - dpdispatcher - INFO - job: 61fc62d2c662e1e9c7320d96936fb938d724ad71 submit; job_id is 5333160
2024-06-05 00:14:40,230 - dpdispatcher - INFO - job: 49def4aa8d84cbef56e3a3694166269ba87c585f submit; job_id is 5333161
2024-06-05 00:14:41,917 - dpdispatcher - INFO - job: 5a8f5ebbcc65b555e6abcb2c93c43360518cf211 submit; job_id is 5333162
2024-06-05 00:14:43,607 - dpdispatcher - INFO - job: 26ea8afadcdc1a915676564565e7e1813271449b submit; job_id is 5333163
2024-06-05 00:14:45,297 - dpdispatcher - INFO - job: 607cefb237afcd2f0492a05c057b90b2b11d8934 submit; job_id is 5333164
2024-06-05 00:14:46,983 - dpdispatcher - INFO - job: 9be807e204045ba8931bab1c23f81fe93c87f6dd submit; job_id is 5333165
2024-06-05 00:14:48,939 - dpdispatcher - INFO - job: 59ea6eb0bdee7624c15f3402aa3ebdbc403f0d54 submit; job_id is 5333166
2024-06-05 00:14:50,760 - dpdispatcher - INFO - job: 93128ae818286eba6c9c958d8bdbc69efcf0b35e submit; job_id is 5333167
2024-06-05 00:14:52,440 - dpdispatcher - INFO - job: c7d8270923723b7d73b5ef4db34356054ec238bc submit; job_id is 5333168
2024-06-05 00:14:54,136 - dpdispatcher - INFO - job: a858f895638d88b3aa2d1c5dcdf86e485da19078 submit; job_id is 5333169
2024-06-05 00:14:55,815 - dpdispatcher - INFO - job: 1813baa9efa0fd725d11da4fb5424107fc2dbe94 submit; job_id is 5333170
2024-06-05 00:14:57,514 - dpdispatcher - INFO - job: 416f482436b2caf196425db203b157df0139f726 submit; job_id is 5333171
2024-06-05 00:14:59,370 - dpdispatcher - INFO - job: 50a75b87d107ee51801757bd976dcca643520cd8 submit; job_id is 5333172
2024-06-05 00:15:01,088 - dpdispatcher - INFO - job: 385c6fc62781f69b0bc2f35a810a7b029ee9dca1 submit; job_id is 5333173
2024-06-05 00:15:02,814 - dpdispatcher - INFO - job: 9e6f6a9d5fd4cf28babe3413f3517dde8ff2f322 submit; job_id is 5333174
2024-06-05 00:15:04,563 - dpdispatcher - INFO - job: 346cddcd1a725b3224195e8dab79510c158fadc0 submit; job_id is 5333175
2024-06-05 00:15:06,271 - dpdispatcher - INFO - job: 72f7d90d76a50950402c63d1fbc44e5f58c5cfc7 submit; job_id is 5333176
2024-06-05 00:15:07,979 - dpdispatcher - INFO - job: 26638ab6712b767549003835d313cdb7b6565882 submit; job_id is 5333177
2024-06-05 00:15:10,133 - dpdispatcher - INFO - job: 0c4e8f57c0f0c6c1b4c39b7dfdc00de91e97e0b4 submit; job_id is 5333178
2024-06-05 00:15:11,928 - dpdispatcher - INFO - job: 63c0456c6de37941dbbe8f809fe35e08a0fd17f9 submit; job_id is 5333179
2024-06-05 00:15:13,603 - dpdispatcher - INFO - job: c1f23939bc321f6f5ca578f690bdf807b0df7f1d submit; job_id is 5333180
2024-06-05 00:15:15,316 - dpdispatcher - INFO - job: e0fc5cbf8ad762f12dc0badca6eefa594f726385 submit; job_id is 5333181
2024-06-05 00:15:17,068 - dpdispatcher - INFO - job: 289f2822768d0a863dfeba44d919e336f9e1f4d6 submit; job_id is 5333182
2024-06-05 00:15:18,810 - dpdispatcher - INFO - job: bf2a9f5f1e40c70fe7c169f617f7f76ad5d7891b submit; job_id is 5333183
2024-06-05 00:15:20,523 - dpdispatcher - INFO - job: f75b89deaf29c93265f1ce858d934a057416a14e submit; job_id is 5333184
2024-06-05 00:15:22,277 - dpdispatcher - INFO - job: 2613239ff031e932845418853889aabca108cfbd submit; job_id is 5333185
2024-06-05 00:15:23,978 - dpdispatcher - INFO - job: cc4bd00fc8cdb498085cc5815e8b1554efb49ed6 submit; job_id is 5333186
2024-06-05 00:15:25,711 - dpdispatcher - INFO - job: a8271412c17a2d3c83ebdebbc537b0881b7db701 submit; job_id is 5333187
2024-06-05 00:15:27,427 - dpdispatcher - INFO - job: 8fdc5fe8b846723f23d7ce3744b0be785c77991c submit; job_id is 5333188
2024-06-05 00:15:29,155 - dpdispatcher - INFO - job: debd56ea0001abe7316f0cc4c0a600056106c2db submit; job_id is 5333189
2024-06-05 00:15:30,887 - dpdispatcher - INFO - job: 0c758cc664711e36c4fe0bd3b3cf7290a7185d9a submit; job_id is 5333190
2024-06-05 00:15:32,572 - dpdispatcher - INFO - job: e45dacaea0f686ab64c3fbe83c5274b7e50664e8 submit; job_id is 5333191
2024-06-05 00:15:34,327 - dpdispatcher - INFO - job: 2a36a4a7acbd4f7d4ab8584f1751534a47147f84 submit; job_id is 5333192
2024-06-05 00:15:36,069 - dpdispatcher - INFO - job: 7f96c490b43116bc463c529fa1c7730af12d12cd submit; job_id is 5333193
2024-06-05 00:15:37,889 - dpdispatcher - INFO - job: ee80fcbf29dc6aa12b1e2029a60927b11f99878d submit; job_id is 5333194
2024-06-05 00:15:39,602 - dpdispatcher - INFO - job: 012be08d4cc6c2fa5a0a20116b6931c7f5e2530c submit; job_id is 5333195
2024-06-05 00:15:41,290 - dpdispatcher - INFO - job: b53f953187abbcdede50999e80360398e51f0642 submit; job_id is 5333196
2024-06-05 00:15:43,040 - dpdispatcher - INFO - job: 67efa628c6a2efb96a216ee9086e20d4f90a4f7a submit; job_id is 5333197
2024-06-05 00:15:44,811 - dpdispatcher - INFO - job: 437c5ce8c3ab00af6c50d0df0a1142b1d1203f17 submit; job_id is 5333198
2024-06-05 00:15:46,566 - dpdispatcher - INFO - job: adadb21304c25842560ad9cd14bc6005fdbacc9e submit; job_id is 5333199
2024-06-05 00:15:48,294 - dpdispatcher - INFO - job: 8c8b0c2e337d5b5fc242c8182cebb3f6cb02b404 submit; job_id is 5333200
2024-06-05 00:15:50,335 - dpdispatcher - INFO - job: 5d2edba71ed6794ccc0ed8365a79e1620a007c6a submit; job_id is 5333201
2024-06-05 00:15:52,013 - dpdispatcher - INFO - job: a568188f2266ec3df2c1a9d6567503d0a1e0bf3e submit; job_id is 5333202
2024-06-05 00:15:53,760 - dpdispatcher - INFO - job: a44c7fefd97c8b36de382be1ddf36e391a5d8b5c submit; job_id is 5333203
2024-06-05 00:15:55,623 - dpdispatcher - INFO - job: bb4513f32677d08462f1a9cc970bfb99cde80107 submit; job_id is 5333204
2024-06-05 00:15:57,324 - dpdispatcher - INFO - job: 07e38067f754440076a4db1b8ee1336839d30069 submit; job_id is 5333205
2024-06-05 00:15:59,114 - dpdispatcher - INFO - job: cbc8abbf2de77e36f0a0881d244778b1db9deacd submit; job_id is 5333206
2024-06-05 00:16:00,824 - dpdispatcher - INFO - job: be46d03118deb7cd1296c93998f4c883a3c36ce7 submit; job_id is 5333207
2024-06-05 00:16:02,564 - dpdispatcher - INFO - job: adee777854adefb4c24a80dd7000471b2c5a75ec submit; job_id is 5333208
2024-06-05 00:16:04,305 - dpdispatcher - INFO - job: b9870ae0157caaa689cb75569e089cdc35afc072 submit; job_id is 5333209
2024-06-05 00:16:06,026 - dpdispatcher - INFO - job: a5e46d1b0c90aff9eec5bf9071e7b745ab9440ce submit; job_id is 5333210
2024-06-05 00:16:07,843 - dpdispatcher - INFO - job: b57e3d9c67f4ff39a29308d33c3eba19b27be959 submit; job_id is 5333211
2024-06-05 00:16:10,227 - dpdispatcher - INFO - job: e077f7977fccf2caa8e674cac1c364f84bda9346 5333137 finished
2024-06-05 00:16:10,778 - dpdispatcher - INFO - job: 25663723480013b7e5c435033c81fc1abd8c25a8 5333138 finished
2024-06-05 00:16:11,330 - dpdispatcher - INFO - job: d24d96a339688b28e38852e266d5a59e1cd73a77 5333139 finished
2024-06-05 00:16:11,882 - dpdispatcher - INFO - job: 6a4feb99a4df3c657aa9994331efc4c0b53342b1 5333140 finished
2024-06-05 00:16:12,442 - dpdispatcher - INFO - job: 4fa2b1d9694b65ee2798b69fea548654e5124b07 5333141 finished
2024-06-05 00:16:13,000 - dpdispatcher - INFO - job: 0c829f7b35b60a7afffc27baba269d99dad9e308 5333142 finished
2024-06-05 00:16:13,554 - dpdispatcher - INFO - job: 7d3eec4a74713ddb46f9eb328a0d7cbad009af06 5333143 finished
2024-06-05 00:16:14,119 - dpdispatcher - INFO - job: 706872e3ea5b6340967d05993b1bedb65f8fd86e 5333144 finished
2024-06-05 00:16:15,651 - dpdispatcher - INFO - job: 8bc4e4f2c54f9901ec5867261b428045f806aeb4 5333147 finished
2024-06-05 00:16:16,166 - dpdispatcher - INFO - job: ea3df3d30352ea2428e76e07725cd8daa283a911 5333148 finished
2024-06-05 00:16:16,730 - dpdispatcher - INFO - job: 8616411f7e7bf4ddcf1377bc15cc3329f687a3aa 5333149 finished
2024-06-05 00:16:17,285 - dpdispatcher - INFO - job: be9004c900ff21374b88f9b4b96099ecbdf66985 5333150 finished
2024-06-05 00:16:17,845 - dpdispatcher - INFO - job: 7cd5f2a114bbb4dacd1be81b3adf3de3c71eee47 5333151 finished
2024-06-05 00:16:18,404 - dpdispatcher - INFO - job: fd33692e102813bc6186292e67a92b9d9b00a2d8 5333152 finished
2024-06-05 00:16:19,414 - dpdispatcher - INFO - job: fcd4ac5aba9e056d3ca8df640baaa282fee3cd28 5333154 finished
2024-06-05 00:16:19,968 - dpdispatcher - INFO - job: 86e0904a3bcb8388e50fd18667aced2d6c07b932 5333155 finished
2024-06-05 00:16:20,529 - dpdispatcher - INFO - job: 5604a31b1a425cbf8a8470513296ff666d1f2b83 5333156 finished
2024-06-05 00:16:46,472 - dpdispatcher - INFO - job: 63c0456c6de37941dbbe8f809fe35e08a0fd17f9 5333179 finished
2024-06-05 00:16:47,026 - dpdispatcher - INFO - job: c1f23939bc321f6f5ca578f690bdf807b0df7f1d 5333180 finished
2024-06-05 00:16:50,583 - dpdispatcher - INFO - job: e0fc5cbf8ad762f12dc0badca6eefa594f726385 5333181 finished
2024-06-05 00:16:51,142 - dpdispatcher - INFO - job: 289f2822768d0a863dfeba44d919e336f9e1f4d6 5333182 finished
2024-06-05 00:16:51,754 - dpdispatcher - INFO - job: bf2a9f5f1e40c70fe7c169f617f7f76ad5d7891b 5333183 finished
2024-06-05 00:16:55,336 - dpdispatcher - INFO - job: f75b89deaf29c93265f1ce858d934a057416a14e 5333184 finished
2024-06-05 00:16:55,897 - dpdispatcher - INFO - job: 2613239ff031e932845418853889aabca108cfbd 5333185 finished
2024-06-05 00:16:56,486 - dpdispatcher - INFO - job: cc4bd00fc8cdb498085cc5815e8b1554efb49ed6 5333186 finished
2024-06-05 00:18:32,727 - dpdispatcher - INFO - job: bd75641738e663f9e3f3b4f142632d7cadb38ef4 5333145 finished
2024-06-05 00:18:33,284 - dpdispatcher - INFO - job: 92e64b0b40d799166fa0d6610eab1340cc9c50c5 5333146 finished
2024-06-05 00:18:33,840 - dpdispatcher - INFO - job: 3c2015cc48cc312ed823ed44ba490445f320e770 5333153 finished
2024-06-05 00:18:34,402 - dpdispatcher - INFO - job: fc176596c9e2b01b5f18f8011b841a120fd15039 5333157 finished
2024-06-05 00:18:34,955 - dpdispatcher - INFO - job: 3227bc4eaa9b241e58f2731f9dc71c1f05c52b85 5333158 finished
2024-06-05 00:18:37,275 - dpdispatcher - INFO - job: d43d9389f1ad534ffef545ff8fae0805a074c8f9 5333159 finished
2024-06-05 00:18:38,942 - dpdispatcher - INFO - job: 61fc62d2c662e1e9c7320d96936fb938d724ad71 5333160 finished
2024-06-05 00:18:39,509 - dpdispatcher - INFO - job: 49def4aa8d84cbef56e3a3694166269ba87c585f 5333161 finished
2024-06-05 00:18:40,071 - dpdispatcher - INFO - job: 5a8f5ebbcc65b555e6abcb2c93c43360518cf211 5333162 finished
2024-06-05 00:18:40,632 - dpdispatcher - INFO - job: 26ea8afadcdc1a915676564565e7e1813271449b 5333163 finished
2024-06-05 00:18:41,190 - dpdispatcher - INFO - job: 607cefb237afcd2f0492a05c057b90b2b11d8934 5333164 finished
2024-06-05 00:18:41,749 - dpdispatcher - INFO - job: 9be807e204045ba8931bab1c23f81fe93c87f6dd 5333165 finished
2024-06-05 00:18:42,301 - dpdispatcher - INFO - job: 59ea6eb0bdee7624c15f3402aa3ebdbc403f0d54 5333166 finished
2024-06-05 00:18:42,872 - dpdispatcher - INFO - job: 93128ae818286eba6c9c958d8bdbc69efcf0b35e 5333167 finished
2024-06-05 00:18:43,426 - dpdispatcher - INFO - job: c7d8270923723b7d73b5ef4db34356054ec238bc 5333168 finished
2024-06-05 00:18:44,440 - dpdispatcher - INFO - job: 1813baa9efa0fd725d11da4fb5424107fc2dbe94 5333170 finished
2024-06-05 00:18:44,997 - dpdispatcher - INFO - job: 416f482436b2caf196425db203b157df0139f726 5333171 finished
2024-06-05 00:18:45,558 - dpdispatcher - INFO - job: 50a75b87d107ee51801757bd976dcca643520cd8 5333172 finished
2024-06-05 00:18:46,113 - dpdispatcher - INFO - job: 385c6fc62781f69b0bc2f35a810a7b029ee9dca1 5333173 finished
2024-06-05 00:18:46,672 - dpdispatcher - INFO - job: 9e6f6a9d5fd4cf28babe3413f3517dde8ff2f322 5333174 finished
2024-06-05 00:18:47,233 - dpdispatcher - INFO - job: 346cddcd1a725b3224195e8dab79510c158fadc0 5333175 finished
2024-06-05 00:18:47,788 - dpdispatcher - INFO - job: 72f7d90d76a50950402c63d1fbc44e5f58c5cfc7 5333176 finished
2024-06-05 00:18:48,472 - dpdispatcher - INFO - job: 26638ab6712b767549003835d313cdb7b6565882 5333177 finished
2024-06-05 00:18:49,107 - dpdispatcher - INFO - job: 0c4e8f57c0f0c6c1b4c39b7dfdc00de91e97e0b4 5333178 finished
2024-06-05 00:18:49,664 - dpdispatcher - INFO - job: a8271412c17a2d3c83ebdebbc537b0881b7db701 5333187 finished
2024-06-05 00:18:50,220 - dpdispatcher - INFO - job: 8fdc5fe8b846723f23d7ce3744b0be785c77991c 5333188 finished
2024-06-05 00:18:50,784 - dpdispatcher - INFO - job: debd56ea0001abe7316f0cc4c0a600056106c2db 5333189 finished
2024-06-05 00:18:51,338 - dpdispatcher - INFO - job: 0c758cc664711e36c4fe0bd3b3cf7290a7185d9a 5333190 finished
2024-06-05 00:18:51,892 - dpdispatcher - INFO - job: e45dacaea0f686ab64c3fbe83c5274b7e50664e8 5333191 finished
2024-06-05 00:18:52,448 - dpdispatcher - INFO - job: 2a36a4a7acbd4f7d4ab8584f1751534a47147f84 5333192 finished
2024-06-05 00:18:53,012 - dpdispatcher - INFO - job: 7f96c490b43116bc463c529fa1c7730af12d12cd 5333193 finished
2024-06-05 00:18:53,620 - dpdispatcher - INFO - job: ee80fcbf29dc6aa12b1e2029a60927b11f99878d 5333194 finished
2024-06-05 00:18:54,134 - dpdispatcher - INFO - job: 012be08d4cc6c2fa5a0a20116b6931c7f5e2530c 5333195 finished
2024-06-05 00:18:54,714 - dpdispatcher - INFO - job: b53f953187abbcdede50999e80360398e51f0642 5333196 finished
2024-06-05 00:18:55,273 - dpdispatcher - INFO - job: 67efa628c6a2efb96a216ee9086e20d4f90a4f7a 5333197 finished
2024-06-05 00:18:55,836 - dpdispatcher - INFO - job: 437c5ce8c3ab00af6c50d0df0a1142b1d1203f17 5333198 finished
2024-06-05 00:18:56,388 - dpdispatcher - INFO - job: adadb21304c25842560ad9cd14bc6005fdbacc9e 5333199 finished
2024-06-05 00:18:56,985 - dpdispatcher - INFO - job: 8c8b0c2e337d5b5fc242c8182cebb3f6cb02b404 5333200 finished
2024-06-05 00:18:57,539 - dpdispatcher - INFO - job: 5d2edba71ed6794ccc0ed8365a79e1620a007c6a 5333201 finished
2024-06-05 00:18:58,098 - dpdispatcher - INFO - job: a568188f2266ec3df2c1a9d6567503d0a1e0bf3e 5333202 finished
2024-06-05 00:18:58,653 - dpdispatcher - INFO - job: a44c7fefd97c8b36de382be1ddf36e391a5d8b5c 5333203 finished
2024-06-05 00:18:59,211 - dpdispatcher - INFO - job: bb4513f32677d08462f1a9cc970bfb99cde80107 5333204 finished
2024-06-05 00:18:59,768 - dpdispatcher - INFO - job: 07e38067f754440076a4db1b8ee1336839d30069 5333205 finished
2024-06-05 00:19:00,323 - dpdispatcher - INFO - job: cbc8abbf2de77e36f0a0881d244778b1db9deacd 5333206 finished
2024-06-05 00:19:00,879 - dpdispatcher - INFO - job: be46d03118deb7cd1296c93998f4c883a3c36ce7 5333207 finished
2024-06-05 00:19:01,440 - dpdispatcher - INFO - job: adee777854adefb4c24a80dd7000471b2c5a75ec 5333208 finished
2024-06-05 00:19:01,991 - dpdispatcher - INFO - job: b9870ae0157caaa689cb75569e089cdc35afc072 5333209 finished
2024-06-05 00:19:02,542 - dpdispatcher - INFO - job: a5e46d1b0c90aff9eec5bf9071e7b745ab9440ce 5333210 finished
2024-06-05 00:19:03,106 - dpdispatcher - INFO - job: b57e3d9c67f4ff39a29308d33c3eba19b27be959 5333211 finished
2024-06-05 00:20:44,195 - dpdispatcher - INFO - job: a858f895638d88b3aa2d1c5dcdf86e485da19078 5333169 finished
2024-06-05 09:55:04,812 - dpdispatcher - INFO - info:check_all_finished: False
2024-06-05 09:55:04,823 - dpdispatcher - INFO - job: ea5842edce1fb0cc2665155cf7af34cd10fd93dc submit; job_id is 4853
2024-06-05 09:55:04,834 - dpdispatcher - INFO - job: a127204d78332446c833f63baa6a3b0bf25c1fb4 submit; job_id is 4854
2024-06-05 09:55:55,913 - dpdispatcher - INFO - job: ea5842edce1fb0cc2665155cf7af34cd10fd93dc 4853 finished
2024-06-05 09:55:55,922 - dpdispatcher - INFO - job: a127204d78332446c833f63baa6a3b0bf25c1fb4 4854 finished
2024-06-05 09:55:56,084 - dpdispatcher - INFO - info:check_all_finished: False
2024-06-05 09:55:56,087 - dpdispatcher - INFO - job: 02a237a7e88294302640dfe5db883bfad7ee6f7d submit; job_id is 2698877
2024-06-05 09:55:56,089 - dpdispatcher - INFO - job: d51fb81686efdf3fbbab224c28c87b3dbd64ef25 submit; job_id is 2698879
2024-06-05 09:55:56,092 - dpdispatcher - INFO - job: 391ac16306c399d6729daa7830277978e04f2dcb submit; job_id is 2698882
2024-06-05 09:57:37,424 - dpdispatcher - INFO - job: 02a237a7e88294302640dfe5db883bfad7ee6f7d 2698877 finished
2024-06-05 09:57:37,446 - dpdispatcher - INFO - job: d51fb81686efdf3fbbab224c28c87b3dbd64ef25 2698879 finished
2024-06-05 09:57:37,468 - dpdispatcher - INFO - job: 391ac16306c399d6729daa7830277978e04f2dcb 2698882 finished
2024-06-05 09:57:40,717 - dpdispatcher - INFO - info:check_all_finished: False
2024-06-05 09:57:40,717 - dpdispatcher - INFO - remote path: /anvil/scratch/x-wang3/yinbc-dpclient/132039d773a9747a9e2dc8b89d464dd3553de572
2024-06-05 09:57:46,007 - dpdispatcher - INFO - job: f9790ea1f2de5011429efe9b7ea4a4cfc53f46fe submit; job_id is 5334319
2024-06-05 09:57:47,699 - dpdispatcher - INFO - job: 68da1d654e627e23a38df07f83c895e3d496dd77 submit; job_id is 5334320
2024-06-05 09:57:49,476 - dpdispatcher - INFO - job: 2a1a8d8cd663cc20a8024cbbef0bae1a3b8c7b89 submit; job_id is 5334321
2024-06-05 09:57:51,188 - dpdispatcher - INFO - job: 6b885a25238a9365ea11026d70d19de70cf09235 submit; job_id is 5334322
2024-06-05 09:57:52,904 - dpdispatcher - INFO - job: 120acfeaf41f0ef4bbcc853d1ca7a5968bc773e8 submit; job_id is 5334323
2024-06-05 09:57:54,601 - dpdispatcher - INFO - job: 80d70c9f52ca73c0b5f62d9bdd07de78f67a6a5c submit; job_id is 5334324
2024-06-05 09:57:56,450 - dpdispatcher - INFO - job: 87acf5b8f7ea9b93c38773664bfa82281a391d05 submit; job_id is 5334325
2024-06-05 09:57:58,204 - dpdispatcher - INFO - job: e5ce0a84044ed57a029f1d0688481d2ec7997e78 submit; job_id is 5334326
2024-06-05 09:58:00,029 - dpdispatcher - INFO - job: 1976701c42be3ffe62701a5a2de4d3685c741274 submit; job_id is 5334327
2024-06-05 09:58:01,727 - dpdispatcher - INFO - job: 65846e89b00e8c7db5d82481187fc36aaa259645 submit; job_id is 5334328
2024-06-05 10:00:47,452 - dpdispatcher - INFO - job: f9790ea1f2de5011429efe9b7ea4a4cfc53f46fe 5334319 finished
2024-06-05 10:00:48,051 - dpdispatcher - INFO - job: 68da1d654e627e23a38df07f83c895e3d496dd77 5334320 finished
2024-06-05 10:00:48,561 - dpdispatcher - INFO - job: 2a1a8d8cd663cc20a8024cbbef0bae1a3b8c7b89 5334321 finished
2024-06-05 10:02:35,359 - dpdispatcher - INFO - job: 6b885a25238a9365ea11026d70d19de70cf09235 5334322 finished
2024-06-05 10:02:35,922 - dpdispatcher - INFO - job: 120acfeaf41f0ef4bbcc853d1ca7a5968bc773e8 5334323 finished
2024-06-05 10:02:36,480 - dpdispatcher - INFO - job: 80d70c9f52ca73c0b5f62d9bdd07de78f67a6a5c 5334324 finished
2024-06-05 10:05:13,483 - dpdispatcher - INFO - job: 87acf5b8f7ea9b93c38773664bfa82281a391d05 5334325 finished
2024-06-05 10:05:14,072 - dpdispatcher - INFO - job: e5ce0a84044ed57a029f1d0688481d2ec7997e78 5334326 finished
2024-06-05 10:05:14,624 - dpdispatcher - INFO - job: 1976701c42be3ffe62701a5a2de4d3685c741274 5334327 finished
2024-06-05 10:06:56,062 - dpdispatcher - INFO - job: 65846e89b00e8c7db5d82481187fc36aaa259645 5334328 finished
2024-06-05 10:46:05,622 - dpdispatcher - INFO - info:check_all_finished: False
2024-06-05 10:46:05,633 - dpdispatcher - INFO - job: ea5842edce1fb0cc2665155cf7af34cd10fd93dc submit; job_id is 4855
2024-06-05 10:46:05,642 - dpdispatcher - INFO - job: a127204d78332446c833f63baa6a3b0bf25c1fb4 submit; job_id is 4856
2024-06-05 10:46:56,721 - dpdispatcher - INFO - job: ea5842edce1fb0cc2665155cf7af34cd10fd93dc 4855 finished
2024-06-05 10:46:56,729 - dpdispatcher - INFO - job: a127204d78332446c833f63baa6a3b0bf25c1fb4 4856 finished
2024-06-05 10:46:56,919 - dpdispatcher - INFO - info:check_all_finished: False
2024-06-05 10:46:56,922 - dpdispatcher - INFO - job: 02a237a7e88294302640dfe5db883bfad7ee6f7d submit; job_id is 2710939
2024-06-05 10:46:56,924 - dpdispatcher - INFO - job: d51fb81686efdf3fbbab224c28c87b3dbd64ef25 submit; job_id is 2710941
2024-06-05 10:46:56,927 - dpdispatcher - INFO - job: 391ac16306c399d6729daa7830277978e04f2dcb submit; job_id is 2710944
2024-06-05 10:48:38,311 - dpdispatcher - INFO - job: 02a237a7e88294302640dfe5db883bfad7ee6f7d 2710939 finished
2024-06-05 10:48:38,332 - dpdispatcher - INFO - job: d51fb81686efdf3fbbab224c28c87b3dbd64ef25 2710941 finished
2024-06-05 10:48:38,353 - dpdispatcher - INFO - job: 391ac16306c399d6729daa7830277978e04f2dcb 2710944 finished
2024-06-05 10:48:43,564 - dpdispatcher - INFO - Find old submission; recover submission from json file;submission.submission_hash:132039d773a9747a9e2dc8b89d464dd3553de572; machine.context.remote_root:/anvil/scratch/x-wang3/yinbc-dpclient/132039d773a9747a9e2dc8b89d464dd3553de572; submission.work_base:iter.000000/02.fp;
2024-06-05 10:48:44,113 - dpdispatcher - INFO - job: f9790ea1f2de5011429efe9b7ea4a4cfc53f46fe 5334319 finished
2024-06-05 10:48:44,679 - dpdispatcher - INFO - job: 68da1d654e627e23a38df07f83c895e3d496dd77 5334320 finished
2024-06-05 10:48:45,243 - dpdispatcher - INFO - job: 2a1a8d8cd663cc20a8024cbbef0bae1a3b8c7b89 5334321 finished
2024-06-05 10:48:45,817 - dpdispatcher - INFO - job: 6b885a25238a9365ea11026d70d19de70cf09235 5334322 finished
2024-06-05 10:48:46,381 - dpdispatcher - INFO - job: 120acfeaf41f0ef4bbcc853d1ca7a5968bc773e8 5334323 finished
2024-06-05 10:48:46,942 - dpdispatcher - INFO - job: 80d70c9f52ca73c0b5f62d9bdd07de78f67a6a5c 5334324 finished
2024-06-05 10:48:47,552 - dpdispatcher - INFO - job: 87acf5b8f7ea9b93c38773664bfa82281a391d05 5334325 finished
2024-06-05 10:48:48,105 - dpdispatcher - INFO - job: e5ce0a84044ed57a029f1d0688481d2ec7997e78 5334326 finished
2024-06-05 10:48:48,670 - dpdispatcher - INFO - job: 1976701c42be3ffe62701a5a2de4d3685c741274 5334327 finished
2024-06-05 10:48:49,232 - dpdispatcher - INFO - job: 65846e89b00e8c7db5d82481187fc36aaa259645 5334328 finished
2024-06-05 10:48:49,233 - dpdispatcher - INFO - info:check_all_finished: True
2024-06-05 10:53:21,221 - dpdispatcher - INFO - info:check_all_finished: False
2024-06-05 10:53:21,233 - dpdispatcher - INFO - job: ea5842edce1fb0cc2665155cf7af34cd10fd93dc submit; job_id is 4857
2024-06-05 10:53:21,243 - dpdispatcher - INFO - job: a127204d78332446c833f63baa6a3b0bf25c1fb4 submit; job_id is 4858
2024-06-05 10:54:12,322 - dpdispatcher - INFO - job: ea5842edce1fb0cc2665155cf7af34cd10fd93dc 4857 finished
2024-06-05 10:54:12,331 - dpdispatcher - INFO - job: a127204d78332446c833f63baa6a3b0bf25c1fb4 4858 finished
2024-06-05 10:54:12,500 - dpdispatcher - INFO - info:check_all_finished: False
2024-06-05 10:54:12,503 - dpdispatcher - INFO - job: 02a237a7e88294302640dfe5db883bfad7ee6f7d submit; job_id is 2714133
2024-06-05 10:54:12,506 - dpdispatcher - INFO - job: d51fb81686efdf3fbbab224c28c87b3dbd64ef25 submit; job_id is 2714135
2024-06-05 10:54:12,508 - dpdispatcher - INFO - job: 391ac16306c399d6729daa7830277978e04f2dcb submit; job_id is 2714139
2024-06-05 10:55:53,857 - dpdispatcher - INFO - job: 02a237a7e88294302640dfe5db883bfad7ee6f7d 2714133 finished
2024-06-05 10:55:53,876 - dpdispatcher - INFO - job: d51fb81686efdf3fbbab224c28c87b3dbd64ef25 2714135 finished
2024-06-05 10:55:53,898 - dpdispatcher - INFO - job: 391ac16306c399d6729daa7830277978e04f2dcb 2714139 finished
2024-06-05 10:55:58,953 - dpdispatcher - INFO - Find old submission; recover submission from json file;submission.submission_hash:132039d773a9747a9e2dc8b89d464dd3553de572; machine.context.remote_root:/anvil/scratch/x-wang3/yinbc-dpclient/132039d773a9747a9e2dc8b89d464dd3553de572; submission.work_base:iter.000000/02.fp;
2024-06-05 10:55:59,480 - dpdispatcher - INFO - job: f9790ea1f2de5011429efe9b7ea4a4cfc53f46fe 5334319 finished
2024-06-05 10:56:00,042 - dpdispatcher - INFO - job: 68da1d654e627e23a38df07f83c895e3d496dd77 5334320 finished
2024-06-05 10:56:00,613 - dpdispatcher - INFO - job: 2a1a8d8cd663cc20a8024cbbef0bae1a3b8c7b89 5334321 finished
2024-06-05 10:56:01,199 - dpdispatcher - INFO - job: 6b885a25238a9365ea11026d70d19de70cf09235 5334322 finished
2024-06-05 10:56:01,767 - dpdispatcher - INFO - job: 120acfeaf41f0ef4bbcc853d1ca7a5968bc773e8 5334323 finished
2024-06-05 10:56:02,336 - dpdispatcher - INFO - job: 80d70c9f52ca73c0b5f62d9bdd07de78f67a6a5c 5334324 finished
2024-06-05 10:56:02,918 - dpdispatcher - INFO - job: 87acf5b8f7ea9b93c38773664bfa82281a391d05 5334325 finished
2024-06-05 10:56:03,515 - dpdispatcher - INFO - job: e5ce0a84044ed57a029f1d0688481d2ec7997e78 5334326 finished
2024-06-05 10:56:04,113 - dpdispatcher - INFO - job: 1976701c42be3ffe62701a5a2de4d3685c741274 5334327 finished
2024-06-05 10:56:04,678 - dpdispatcher - INFO - job: 65846e89b00e8c7db5d82481187fc36aaa259645 5334328 finished
2024-06-05 10:56:04,679 - dpdispatcher - INFO - info:check_all_finished: True
2024-06-05 11:01:34,205 - dpdispatcher - INFO - info:check_all_finished: False
2024-06-05 11:01:34,215 - dpdispatcher - INFO - job: ea5842edce1fb0cc2665155cf7af34cd10fd93dc submit; job_id is 4859
2024-06-05 11:01:34,225 - dpdispatcher - INFO - job: a127204d78332446c833f63baa6a3b0bf25c1fb4 submit; job_id is 4860
2024-06-05 11:02:25,301 - dpdispatcher - INFO - job: ea5842edce1fb0cc2665155cf7af34cd10fd93dc 4859 finished
2024-06-05 11:02:25,333 - dpdispatcher - INFO - job: a127204d78332446c833f63baa6a3b0bf25c1fb4 4860 finished
2024-06-05 11:02:25,480 - dpdispatcher - INFO - info:check_all_finished: False
2024-06-05 11:02:25,484 - dpdispatcher - INFO - job: 02a237a7e88294302640dfe5db883bfad7ee6f7d submit; job_id is 2716768
2024-06-05 11:02:25,487 - dpdispatcher - INFO - job: d51fb81686efdf3fbbab224c28c87b3dbd64ef25 submit; job_id is 2716771
2024-06-05 11:02:25,489 - dpdispatcher - INFO - job: 391ac16306c399d6729daa7830277978e04f2dcb submit; job_id is 2716775
2024-06-05 11:04:06,892 - dpdispatcher - INFO - job: 02a237a7e88294302640dfe5db883bfad7ee6f7d 2716768 finished
2024-06-05 11:04:06,914 - dpdispatcher - INFO - job: d51fb81686efdf3fbbab224c28c87b3dbd64ef25 2716771 finished
2024-06-05 11:04:06,933 - dpdispatcher - INFO - job: 391ac16306c399d6729daa7830277978e04f2dcb 2716775 finished
2024-06-05 11:04:12,151 - dpdispatcher - INFO - Find old submission; recover submission from json file;submission.submission_hash:132039d773a9747a9e2dc8b89d464dd3553de572; machine.context.remote_root:/anvil/scratch/x-wang3/yinbc-dpclient/132039d773a9747a9e2dc8b89d464dd3553de572; submission.work_base:iter.000000/02.fp;
2024-06-05 11:04:12,667 - dpdispatcher - INFO - job: f9790ea1f2de5011429efe9b7ea4a4cfc53f46fe 5334319 finished
2024-06-05 11:04:13,246 - dpdispatcher - INFO - job: 68da1d654e627e23a38df07f83c895e3d496dd77 5334320 finished
2024-06-05 11:04:13,808 - dpdispatcher - INFO - job: 2a1a8d8cd663cc20a8024cbbef0bae1a3b8c7b89 5334321 finished
2024-06-05 11:04:14,362 - dpdispatcher - INFO - job: 6b885a25238a9365ea11026d70d19de70cf09235 5334322 finished
2024-06-05 11:04:14,925 - dpdispatcher - INFO - job: 120acfeaf41f0ef4bbcc853d1ca7a5968bc773e8 5334323 finished
2024-06-05 11:04:15,486 - dpdispatcher - INFO - job: 80d70c9f52ca73c0b5f62d9bdd07de78f67a6a5c 5334324 finished
2024-06-05 11:04:16,047 - dpdispatcher - INFO - job: 87acf5b8f7ea9b93c38773664bfa82281a391d05 5334325 finished
2024-06-05 11:04:16,609 - dpdispatcher - INFO - job: e5ce0a84044ed57a029f1d0688481d2ec7997e78 5334326 finished
2024-06-05 11:04:17,172 - dpdispatcher - INFO - job: 1976701c42be3ffe62701a5a2de4d3685c741274 5334327 finished
2024-06-05 11:04:17,735 - dpdispatcher - INFO - job: 65846e89b00e8c7db5d82481187fc36aaa259645 5334328 finished
2024-06-05 11:04:17,735 - dpdispatcher - INFO - info:check_all_finished: True
2024-06-05 11:36:10,027 - dpdispatcher - INFO - info:check_all_finished: False
2024-06-05 11:36:10,038 - dpdispatcher - INFO - job: ea5842edce1fb0cc2665155cf7af34cd10fd93dc submit; job_id is 4861
2024-06-05 11:36:10,048 - dpdispatcher - INFO - job: a127204d78332446c833f63baa6a3b0bf25c1fb4 submit; job_id is 4862
2024-06-05 11:37:01,112 - dpdispatcher - INFO - job: ea5842edce1fb0cc2665155cf7af34cd10fd93dc 4861 terminated;fail_cout is 1; resubmitting job
2024-06-05 11:37:01,160 - dpdispatcher - INFO - job:ea5842edce1fb0cc2665155cf7af34cd10fd93dc re-submit after terminated; new job_id is 4863
2024-06-05 11:37:01,369 - dpdispatcher - INFO - job:ea5842edce1fb0cc2665155cf7af34cd10fd93dc job_id:4863 after re-submitting; the state now is <JobStatus.waiting: 2>
2024-06-05 11:37:01,369 - dpdispatcher - INFO - job: a127204d78332446c833f63baa6a3b0bf25c1fb4 4862 terminated;fail_cout is 1; resubmitting job
2024-06-05 11:37:01,379 - dpdispatcher - INFO - job:a127204d78332446c833f63baa6a3b0bf25c1fb4 re-submit after terminated; new job_id is 4864
2024-06-05 11:37:01,587 - dpdispatcher - INFO - job:a127204d78332446c833f63baa6a3b0bf25c1fb4 job_id:4864 after re-submitting; the state now is <JobStatus.waiting: 2>
2024-06-05 11:37:51,656 - dpdispatcher - INFO - job: ea5842edce1fb0cc2665155cf7af34cd10fd93dc 4863 terminated;fail_cout is 2; resubmitting job
2024-06-05 11:37:51,666 - dpdispatcher - INFO - job:ea5842edce1fb0cc2665155cf7af34cd10fd93dc re-submit after terminated; new job_id is 4865
2024-06-05 11:37:51,874 - dpdispatcher - INFO - job:ea5842edce1fb0cc2665155cf7af34cd10fd93dc job_id:4865 after re-submitting; the state now is <JobStatus.waiting: 2>
2024-06-05 11:37:51,874 - dpdispatcher - INFO - job: a127204d78332446c833f63baa6a3b0bf25c1fb4 4864 terminated;fail_cout is 2; resubmitting job
2024-06-05 11:37:51,884 - dpdispatcher - INFO - job:a127204d78332446c833f63baa6a3b0bf25c1fb4 re-submit after terminated; new job_id is 4866
2024-06-05 11:37:52,093 - dpdispatcher - INFO - job:a127204d78332446c833f63baa6a3b0bf25c1fb4 job_id:4866 after re-submitting; the state now is <JobStatus.running: 3>
2024-06-05 11:38:42,163 - dpdispatcher - INFO - job: ea5842edce1fb0cc2665155cf7af34cd10fd93dc 4865 terminated;fail_cout is 3; resubmitting job
2024-06-05 11:40:39,139 - dpdispatcher - INFO - info:check_all_finished: False
2024-06-05 11:40:39,150 - dpdispatcher - INFO - job: ea5842edce1fb0cc2665155cf7af34cd10fd93dc submit; job_id is 4867
2024-06-05 11:40:39,160 - dpdispatcher - INFO - job: a127204d78332446c833f63baa6a3b0bf25c1fb4 submit; job_id is 4868
2024-06-05 11:41:30,204 - dpdispatcher - INFO - job: ea5842edce1fb0cc2665155cf7af34cd10fd93dc 4867 finished
2024-06-05 11:41:30,214 - dpdispatcher - INFO - job: a127204d78332446c833f63baa6a3b0bf25c1fb4 4868 finished
2024-06-05 11:41:30,356 - dpdispatcher - INFO - info:check_all_finished: False
2024-06-05 11:41:30,359 - dpdispatcher - INFO - job: 02a237a7e88294302640dfe5db883bfad7ee6f7d submit; job_id is 2727391
2024-06-05 11:41:30,361 - dpdispatcher - INFO - job: d51fb81686efdf3fbbab224c28c87b3dbd64ef25 submit; job_id is 2727393
2024-06-05 11:41:30,364 - dpdispatcher - INFO - job: 391ac16306c399d6729daa7830277978e04f2dcb submit; job_id is 2727396
2024-06-05 11:41:37,837 - dpdispatcher - ERROR - 
Traceback (most recent call last):
  File "/home/yinbc/.conda/envs/deepmd_yichao/lib/python3.10/site-packages/dpdispatcher/submission.py", line 242, in run_submission
    time.sleep(50)
KeyboardInterrupt
2024-06-05 11:41:37,838 - dpdispatcher - INFO - submission exit: 914328d339c29c8066358542f87de1535556cdfe
2024-06-05 11:41:37,838 - dpdispatcher - INFO - at /home/yinbc/yichao/dev-002-dpgen-dimer/Cu_COH_dpa2/auto/work/914328d339c29c8066358542f87de1535556cdfe
2024-06-05 17:28:39,918 - dpdispatcher - INFO - info:check_all_finished: False
2024-06-05 17:28:39,928 - dpdispatcher - INFO - job: ea5842edce1fb0cc2665155cf7af34cd10fd93dc submit; job_id is 4869
2024-06-05 17:28:39,938 - dpdispatcher - INFO - job: a127204d78332446c833f63baa6a3b0bf25c1fb4 submit; job_id is 4870
2024-06-05 17:29:31,018 - dpdispatcher - INFO - job: ea5842edce1fb0cc2665155cf7af34cd10fd93dc 4869 finished
2024-06-05 17:29:31,027 - dpdispatcher - INFO - job: a127204d78332446c833f63baa6a3b0bf25c1fb4 4870 finished
2024-06-05 17:29:31,226 - dpdispatcher - INFO - info:check_all_finished: False
2024-06-05 17:29:31,230 - dpdispatcher - INFO - job: 02a237a7e88294302640dfe5db883bfad7ee6f7d submit; job_id is 2812953
2024-06-05 17:29:31,232 - dpdispatcher - INFO - job: d51fb81686efdf3fbbab224c28c87b3dbd64ef25 submit; job_id is 2812955
2024-06-05 17:29:31,234 - dpdispatcher - INFO - job: 391ac16306c399d6729daa7830277978e04f2dcb submit; job_id is 2812958
2024-06-05 17:30:00,289 - dpdispatcher - ERROR - 
Traceback (most recent call last):
  File "/home/yinbc/.conda/envs/deepmd_yichao/lib/python3.10/site-packages/dpdispatcher/submission.py", line 242, in run_submission
    time.sleep(50)
KeyboardInterrupt
2024-06-05 17:30:00,289 - dpdispatcher - INFO - submission exit: 914328d339c29c8066358542f87de1535556cdfe
2024-06-05 17:30:00,289 - dpdispatcher - INFO - at /home/yinbc/yichao/dev-002-dpgen-dimer/Cu_COH_dpa2/auto/work/914328d339c29c8066358542f87de1535556cdfe
2024-06-05 18:13:10,167 - dpdispatcher - INFO - info:check_all_finished: False
2024-06-05 18:13:10,176 - dpdispatcher - INFO - job: ea5842edce1fb0cc2665155cf7af34cd10fd93dc submit; job_id is 4871
2024-06-05 18:13:10,185 - dpdispatcher - INFO - job: a127204d78332446c833f63baa6a3b0bf25c1fb4 submit; job_id is 4872
2024-06-05 18:14:01,266 - dpdispatcher - INFO - job: ea5842edce1fb0cc2665155cf7af34cd10fd93dc 4871 finished
2024-06-05 18:14:01,275 - dpdispatcher - INFO - job: a127204d78332446c833f63baa6a3b0bf25c1fb4 4872 finished
2024-06-05 18:14:57,636 - dpdispatcher - INFO - info:check_all_finished: False
2024-06-05 18:14:57,649 - dpdispatcher - INFO - job: ea5842edce1fb0cc2665155cf7af34cd10fd93dc submit; job_id is 4873
2024-06-05 18:14:57,659 - dpdispatcher - INFO - job: a127204d78332446c833f63baa6a3b0bf25c1fb4 submit; job_id is 4874
2024-06-05 18:15:48,693 - dpdispatcher - INFO - job: ea5842edce1fb0cc2665155cf7af34cd10fd93dc 4873 finished
2024-06-05 18:15:48,702 - dpdispatcher - INFO - job: a127204d78332446c833f63baa6a3b0bf25c1fb4 4874 finished
2024-06-05 18:15:48,872 - dpdispatcher - INFO - info:check_all_finished: False
2024-06-05 18:15:48,875 - dpdispatcher - INFO - job: 02a237a7e88294302640dfe5db883bfad7ee6f7d submit; job_id is 2825841
2024-06-05 18:15:48,877 - dpdispatcher - INFO - job: d51fb81686efdf3fbbab224c28c87b3dbd64ef25 submit; job_id is 2825843
2024-06-05 18:15:48,880 - dpdispatcher - INFO - job: 391ac16306c399d6729daa7830277978e04f2dcb submit; job_id is 2825846
2024-06-05 18:16:40,065 - dpdispatcher - INFO - job: 02a237a7e88294302640dfe5db883bfad7ee6f7d 2825841 terminated;fail_cout is 1; resubmitting job
2024-06-05 18:16:40,163 - dpdispatcher - INFO - job:02a237a7e88294302640dfe5db883bfad7ee6f7d re-submit after terminated; new job_id is 2826187
2024-06-05 18:16:40,404 - dpdispatcher - INFO - job:02a237a7e88294302640dfe5db883bfad7ee6f7d job_id:2826187 after re-submitting; the state now is <JobStatus.running: 3>
2024-06-05 18:16:40,404 - dpdispatcher - INFO - job: d51fb81686efdf3fbbab224c28c87b3dbd64ef25 2825843 terminated;fail_cout is 1; resubmitting job
2024-06-05 18:16:40,407 - dpdispatcher - INFO - job:d51fb81686efdf3fbbab224c28c87b3dbd64ef25 re-submit after terminated; new job_id is 2826197
2024-06-05 18:16:40,648 - dpdispatcher - INFO - job:d51fb81686efdf3fbbab224c28c87b3dbd64ef25 job_id:2826197 after re-submitting; the state now is <JobStatus.running: 3>
2024-06-05 18:16:40,648 - dpdispatcher - INFO - job: 391ac16306c399d6729daa7830277978e04f2dcb 2825846 terminated;fail_cout is 1; resubmitting job
2024-06-05 18:16:40,651 - dpdispatcher - INFO - job:391ac16306c399d6729daa7830277978e04f2dcb re-submit after terminated; new job_id is 2826207
2024-06-05 18:16:40,892 - dpdispatcher - INFO - job:391ac16306c399d6729daa7830277978e04f2dcb job_id:2826207 after re-submitting; the state now is <JobStatus.running: 3>
2024-06-05 18:17:30,974 - dpdispatcher - INFO - job: 02a237a7e88294302640dfe5db883bfad7ee6f7d 2826187 terminated;fail_cout is 2; resubmitting job
2024-06-05 18:17:30,977 - dpdispatcher - INFO - job:02a237a7e88294302640dfe5db883bfad7ee6f7d re-submit after terminated; new job_id is 2826411
2024-06-05 18:17:31,218 - dpdispatcher - INFO - job:02a237a7e88294302640dfe5db883bfad7ee6f7d job_id:2826411 after re-submitting; the state now is <JobStatus.running: 3>
2024-06-05 18:17:31,218 - dpdispatcher - INFO - job: d51fb81686efdf3fbbab224c28c87b3dbd64ef25 2826197 terminated;fail_cout is 2; resubmitting job
2024-06-05 18:17:31,221 - dpdispatcher - INFO - job:d51fb81686efdf3fbbab224c28c87b3dbd64ef25 re-submit after terminated; new job_id is 2826423
2024-06-05 18:17:31,462 - dpdispatcher - INFO - job:d51fb81686efdf3fbbab224c28c87b3dbd64ef25 job_id:2826423 after re-submitting; the state now is <JobStatus.running: 3>
2024-06-05 18:17:31,462 - dpdispatcher - INFO - job: 391ac16306c399d6729daa7830277978e04f2dcb 2826207 terminated;fail_cout is 2; resubmitting job
2024-06-05 18:17:31,465 - dpdispatcher - INFO - job:391ac16306c399d6729daa7830277978e04f2dcb re-submit after terminated; new job_id is 2826433
2024-06-05 18:17:31,710 - dpdispatcher - INFO - job:391ac16306c399d6729daa7830277978e04f2dcb job_id:2826433 after re-submitting; the state now is <JobStatus.running: 3>
