WARNING:tensorflow:From /home/yinbc/.conda/envs/deepmd_yichao/lib/python3.10/site-packages/tensorflow/python/compat/v2_compat.py:107: disable_resource_variables (from tensorflow.python.ops.variable_scope) is deprecated and will be removed in a future version.
Instructions for updating:
non-resource variables are not supported in the long term
WARNING:root:To get the best performance, it is recommended to adjust the number of threads by setting the environment variables OMP_NUM_THREADS, TF_INTRA_OP_PARALLELISM_THREADS, and TF_INTER_OP_PARALLELISM_THREADS. See https://deepmd.rtfd.io/parallelism/ for more information.
WARNING:root:Environment variable KMP_BLOCKTIME is empty. Use the default value 0
WARNING:root:Environment variable KMP_AFFINITY is empty. Use the default value granularity=fine,verbose,compact,1,0
/home/yinbc/.conda/envs/deepmd_yichao/lib/python3.10/importlib/__init__.py:169: UserWarning: The NumPy module was reloaded (imported a second time). This can in some cases result in small but subtle issues and is discouraged.
  _bootstrap._exec(spec, module)
OMP: Info #155: KMP_AFFINITY: Initial OS proc set respected: 0-23
OMP: Info #216: KMP_AFFINITY: decoding x2APIC ids.
OMP: Info #157: KMP_AFFINITY: 24 available OS procs
OMP: Info #158: KMP_AFFINITY: Uniform topology
OMP: Info #287: KMP_AFFINITY: topology layer "LL cache" is equivalent to "socket".
OMP: Info #192: KMP_AFFINITY: 2 sockets x 12 cores/socket x 1 thread/core (24 total cores)
OMP: Info #218: KMP_AFFINITY: OS proc to physical thread map:
OMP: Info #172: KMP_AFFINITY: OS proc 0 maps to socket 0 core 0 thread 0 
OMP: Info #172: KMP_AFFINITY: OS proc 1 maps to socket 0 core 1 thread 0 
OMP: Info #172: KMP_AFFINITY: OS proc 2 maps to socket 0 core 2 thread 0 
OMP: Info #172: KMP_AFFINITY: OS proc 3 maps to socket 0 core 4 thread 0 
OMP: Info #172: KMP_AFFINITY: OS proc 4 maps to socket 0 core 5 thread 0 
OMP: Info #172: KMP_AFFINITY: OS proc 5 maps to socket 0 core 6 thread 0 
OMP: Info #172: KMP_AFFINITY: OS proc 6 maps to socket 0 core 8 thread 0 
OMP: Info #172: KMP_AFFINITY: OS proc 7 maps to socket 0 core 9 thread 0 
OMP: Info #172: KMP_AFFINITY: OS proc 8 maps to socket 0 core 10 thread 0 
OMP: Info #172: KMP_AFFINITY: OS proc 9 maps to socket 0 core 12 thread 0 
OMP: Info #172: KMP_AFFINITY: OS proc 10 maps to socket 0 core 13 thread 0 
OMP: Info #172: KMP_AFFINITY: OS proc 11 maps to socket 0 core 14 thread 0 
OMP: Info #172: KMP_AFFINITY: OS proc 12 maps to socket 1 core 0 thread 0 
OMP: Info #172: KMP_AFFINITY: OS proc 13 maps to socket 1 core 1 thread 0 
OMP: Info #172: KMP_AFFINITY: OS proc 14 maps to socket 1 core 2 thread 0 
OMP: Info #172: KMP_AFFINITY: OS proc 15 maps to socket 1 core 4 thread 0 
OMP: Info #172: KMP_AFFINITY: OS proc 16 maps to socket 1 core 5 thread 0 
OMP: Info #172: KMP_AFFINITY: OS proc 17 maps to socket 1 core 6 thread 0 
OMP: Info #172: KMP_AFFINITY: OS proc 18 maps to socket 1 core 8 thread 0 
OMP: Info #172: KMP_AFFINITY: OS proc 19 maps to socket 1 core 9 thread 0 
OMP: Info #172: KMP_AFFINITY: OS proc 20 maps to socket 1 core 10 thread 0 
OMP: Info #172: KMP_AFFINITY: OS proc 21 maps to socket 1 core 12 thread 0 
OMP: Info #172: KMP_AFFINITY: OS proc 22 maps to socket 1 core 13 thread 0 
OMP: Info #172: KMP_AFFINITY: OS proc 23 maps to socket 1 core 14 thread 0 
OMP: Info #254: KMP_AFFINITY: pid 1799309 tid 1799309 thread 0 bound to OS proc set 0
2024-05-30 16:20:29.235822: I tensorflow/core/platform/cpu_feature_guard.cc:193] This TensorFlow binary is optimized with oneAPI Deep Neural Network Library (oneDNN) to use the following CPU instructions in performance-critical operations:  SSE4.1 SSE4.2 AVX AVX2 FMA
To enable them in other operations, rebuild TensorFlow with the appropriate compiler flags.
2024-05-30 16:20:29.391983: E tensorflow/stream_executor/cuda/cuda_driver.cc:271] failed call to cuInit: CUDA_ERROR_NO_DEVICE: no CUDA-capable device is detected
2024-05-30 16:20:29.392020: I tensorflow/stream_executor/cuda/cuda_diagnostics.cc:169] retrieving CUDA diagnostic information for host: saskatchewan
2024-05-30 16:20:29.392026: I tensorflow/stream_executor/cuda/cuda_diagnostics.cc:176] hostname: saskatchewan
2024-05-30 16:20:29.392181: I tensorflow/stream_executor/cuda/cuda_diagnostics.cc:200] libcuda reported version is: 550.54.15
2024-05-30 16:20:29.392199: I tensorflow/stream_executor/cuda/cuda_diagnostics.cc:204] kernel reported version is: 550.54.15
2024-05-30 16:20:29.392204: I tensorflow/stream_executor/cuda/cuda_diagnostics.cc:310] kernel version seems to match DSO: 550.54.15
2024-05-30 16:20:29.392230: I tensorflow/core/common_runtime/process_util.cc:146] Creating new thread pool with default inter op setting: 2. Tune using inter_op_parallelism_threads for best performance.
2024-05-30 16:20:29.400189: I tensorflow/compiler/mlir/mlir_graph_optimization_pass.cc:354] MLIR V1 optimization pass is not enabled
OMP: Info #254: KMP_AFFINITY: pid 1799309 tid 1799357 thread 1 bound to OS proc set 1
OMP: Info #254: KMP_AFFINITY: pid 1799309 tid 1799366 thread 2 bound to OS proc set 2
OMP: Info #254: KMP_AFFINITY: pid 1799309 tid 1799367 thread 3 bound to OS proc set 3
OMP: Info #254: KMP_AFFINITY: pid 1799309 tid 1799368 thread 4 bound to OS proc set 4
OMP: Info #254: KMP_AFFINITY: pid 1799309 tid 1799370 thread 6 bound to OS proc set 6
OMP: Info #254: KMP_AFFINITY: pid 1799309 tid 1799369 thread 5 bound to OS proc set 5
OMP: Info #254: KMP_AFFINITY: pid 1799309 tid 1799371 thread 7 bound to OS proc set 7
OMP: Info #254: KMP_AFFINITY: pid 1799309 tid 1799372 thread 8 bound to OS proc set 8
OMP: Info #254: KMP_AFFINITY: pid 1799309 tid 1799373 thread 9 bound to OS proc set 9
OMP: Info #254: KMP_AFFINITY: pid 1799309 tid 1799374 thread 10 bound to OS proc set 10
OMP: Info #254: KMP_AFFINITY: pid 1799309 tid 1799375 thread 11 bound to OS proc set 11
OMP: Info #254: KMP_AFFINITY: pid 1799309 tid 1799376 thread 12 bound to OS proc set 12
OMP: Info #254: KMP_AFFINITY: pid 1799309 tid 1799377 thread 13 bound to OS proc set 13
OMP: Info #254: KMP_AFFINITY: pid 1799309 tid 1799378 thread 14 bound to OS proc set 14
OMP: Info #254: KMP_AFFINITY: pid 1799309 tid 1799379 thread 15 bound to OS proc set 15
OMP: Info #254: KMP_AFFINITY: pid 1799309 tid 1799380 thread 16 bound to OS proc set 16
OMP: Info #254: KMP_AFFINITY: pid 1799309 tid 1799381 thread 17 bound to OS proc set 17
OMP: Info #254: KMP_AFFINITY: pid 1799309 tid 1799382 thread 18 bound to OS proc set 18
OMP: Info #254: KMP_AFFINITY: pid 1799309 tid 1799383 thread 19 bound to OS proc set 19
OMP: Info #254: KMP_AFFINITY: pid 1799309 tid 1799384 thread 20 bound to OS proc set 20
OMP: Info #254: KMP_AFFINITY: pid 1799309 tid 1799385 thread 21 bound to OS proc set 21
OMP: Info #254: KMP_AFFINITY: pid 1799309 tid 1799386 thread 22 bound to OS proc set 22
OMP: Info #254: KMP_AFFINITY: pid 1799309 tid 1799387 thread 23 bound to OS proc set 23
OMP: Info #254: KMP_AFFINITY: pid 1799309 tid 1799388 thread 24 bound to OS proc set 0
OMP: Info #254: KMP_AFFINITY: pid 1799309 tid 1799358 thread 25 bound to OS proc set 1
OMP: Info #254: KMP_AFFINITY: pid 1799309 tid 1799436 thread 26 bound to OS proc set 2
OMP: Info #254: KMP_AFFINITY: pid 1799309 tid 1799438 thread 28 bound to OS proc set 4
OMP: Info #254: KMP_AFFINITY: pid 1799309 tid 1799437 thread 27 bound to OS proc set 3
OMP: Info #254: KMP_AFFINITY: pid 1799309 tid 1799439 thread 29 bound to OS proc set 5
OMP: Info #254: KMP_AFFINITY: pid 1799309 tid 1799440 thread 30 bound to OS proc set 6
OMP: Info #254: KMP_AFFINITY: pid 1799309 tid 1799441 thread 31 bound to OS proc set 7
OMP: Info #254: KMP_AFFINITY: pid 1799309 tid 1799442 thread 32 bound to OS proc set 8
OMP: Info #254: KMP_AFFINITY: pid 1799309 tid 1799443 thread 33 bound to OS proc set 9
OMP: Info #254: KMP_AFFINITY: pid 1799309 tid 1799445 thread 35 bound to OS proc set 11
OMP: Info #254: KMP_AFFINITY: pid 1799309 tid 1799444 thread 34 bound to OS proc set 10
OMP: Info #254: KMP_AFFINITY: pid 1799309 tid 1799446 thread 36 bound to OS proc set 12
OMP: Info #254: KMP_AFFINITY: pid 1799309 tid 1799447 thread 37 bound to OS proc set 13
OMP: Info #254: KMP_AFFINITY: pid 1799309 tid 1799448 thread 38 bound to OS proc set 14
OMP: Info #254: KMP_AFFINITY: pid 1799309 tid 1799449 thread 39 bound to OS proc set 15
OMP: Info #254: KMP_AFFINITY: pid 1799309 tid 1799450 thread 40 bound to OS proc set 16
OMP: Info #254: KMP_AFFINITY: pid 1799309 tid 1799451 thread 41 bound to OS proc set 17
OMP: Info #254: KMP_AFFINITY: pid 1799309 tid 1799452 thread 42 bound to OS proc set 18
OMP: Info #254: KMP_AFFINITY: pid 1799309 tid 1799453 thread 43 bound to OS proc set 19
OMP: Info #254: KMP_AFFINITY: pid 1799309 tid 1799454 thread 44 bound to OS proc set 20
OMP: Info #254: KMP_AFFINITY: pid 1799309 tid 1799455 thread 45 bound to OS proc set 21
OMP: Info #254: KMP_AFFINITY: pid 1799309 tid 1799456 thread 46 bound to OS proc set 22
OMP: Info #254: KMP_AFFINITY: pid 1799309 tid 1799457 thread 47 bound to OS proc set 23
OMP: Info #254: KMP_AFFINITY: pid 1799309 tid 1799458 thread 48 bound to OS proc set 0
54
1
54
1
54
1
54
1
54
1
54
1
54
1
54
1
54
1
54
1
54
1
54
1
54
1
54
1
54
1
54
1
54
1
54
1
54
1
54
1
54
1
54
1
54
1
54
1
54
1
54
1
54
1
54
1
54
1
54
1
54
1
54
1
54
1
54
1
54
1
54
1
54
1
54
1
54
1
54
1
54
1
54
1
54
1
54
1
54
1
54
1
54
1
54
1
54
1
54
1
54
1
54
1
54
1
54
1
54
1
54
1
54
1
54
1
54
1
54
1
54
1
54
1
54
1
54
1
54
1
54
1
54
1
54
1
54
1
54
1
54
1
54
1
54
1
54
1
54
1
54
1
54
1
54
1
54
1
54
1
54
1
54
1
54
1
54
1
54
1
54
1
54
1
54
1
54
1
54
1
54
1
54
1
54
1
54
1
54
1
54
1
54
1
54
1
54
1
54
1
54
1
54
1
54
1
54
1
54
1
54
1
54
1
54
1
54
1
54
1
54
1
54
1
54
1
54
1
54
1
54
1
54
1
54
1
54
1
54
1
54
1
54
1
54
1
54
1
54
1
54
1
54
1
54
1
54
1
54
1
54
1
54
1
54
1
54
1
54
1
54
1
54
1
54
1
54
1
54
1
54
1
54
1
54
1
54
1
54
1
54
1
54
1
54
1
54
1
54
1
54
1
54
1
54
1
54
1
54
1
54
1
54
1
54
1
54
1
54
1
54
1
54
1
54
1
54
1
54
1
54
1
54
1
54
1
54
1
54
1
54
1
54
1
54
1
54
1
54
1
54
1
54
1
54
1
54
1
54
1
54
1
54
1
54
1
54
1
54
1
54
1
54
1
54
1
54
1
54
1
54
1
54
1
54
1
54
1
54
1
54
1
54
1
54
1
54
1
54
1
54
1
54
1
54
1
54
1
54
1
54
1
54
1
54
1
54
1
54
1
54
1
54
1
54
1
54
1
54
1
54
1
54
1
54
1
54
1
54
1
54
1
54
1
54
1
54
1
54
1
54
1
54
1
54
1
54
1
54
1
54
1
54
1
54
1
54
1
54
1
54
1
54
1
54
1
54
1
54
1
54
1
54
1
54
1
54
1
54
1
54
1
54
1
54
1
54
1
54
1
54
1
54
1
54
1
54
1
54
1
54
1
54
1
54
1
54
1
54
1
54
1
54
1
54
1
54
1
54
1
54
1
54
1
54
1
54
1
54
1
54
1
54
1
54
1
54
1
54
1
54
1
54
1
54
1
54
1
54
1
54
1
54
1
54
1
54
1
54
1
54
1
54
1
54
1
54
1
54
1
54
1
54
1
54
1
54
1
54
1
54
1
54
1
54
1
54
1
54
1
54
1
54
1
54
1
54
1
54
1
54
1
54
1
54
1
54
1
54
1
54
1
54
1
54
1
54
1
54
1
54
1
54
1
54
1
54
1
54
1
54
1
54
1
54
1
54
1
54
1
54
1
54
1
54
1
54
1
54
1
54
1
54
1
54
1
54
1
54
1
54
1
54
1
54
1
54
1
54
1
54
1
54
1
54
1
54
1
54
1
54
1
54
1
54
1
54
1
54
1
54
1
54
1
54
1
54
1
54
1
54
1
54
1
54
1
54
1
54
1
54
1
54
1
54
1
54
1
54
1
54
1
54
1
54
1
54
1
54
1
54
1
54
1
54
1
54
1
54
1
54
1
54
1
54
1
54
1
54
1
54
1
54
1
54
1
54
1
54
1
54
1
54
1
54
1
54
1
54
1
54
1
54
1
54
1
54
1
54
1
54
1
54
1
54
1
54
1
54
1
54
1
54
1
54
1
54
1
54
1
54
1
54
1
54
1
54
1
54
1
54
1
54
1
54
1
54
1
54
1
54
1
54
1
54
1
54
1
54
1
54
1
54
1
54
1
54
1
54
1
54
1
54
1
54
1
54
1
54
1
54
1
54
1
54
1
54
1
54
1
54
1
54
1
54
1
54
1
54
1
54
1
54
1
54
1
54
1
54
1
54
1
54
1
54
1
54
1
54
1
54
1
54
1
54
1
54
1
54
1
54
1
54
1
54
1
54
1
54
1
54
1
54
1
54
1
54
1
54
1
54
1
54
1
54
1
54
1
54
1
54
1
54
1
54
1
54
1
54
1
54
1
54
1
54
1
54
1
54
1
54
1
54
1
54
1
54
1
54
1
54
1
54
1
54
1
54
1
54
1
54
1
54
1
54
1
54
1
54
1
54
1
54
1
54
1
54
1
54
1
54
1
54
1
54
1
54
1
54
1
54
1
54
1
54
1
54
1
54
1
54
1
54
1
54
1
54
1
54
1
54
1
54
1
54
1
54
1
54
1
54
1
54
1
54
1
54
1
54
1
54
1
54
1
54
1
54
1
54
1
54
1
54
1
54
1
54
1
54
1
54
1
54
1
54
1
54
1
54
1
54
1
54
1
54
1
54
1
54
1
54
1
54
1
54
1
54
1
54
1
54
1
54
1
54
1
54
1
54
1
54
1
54
1
54
1
54
1
54
1
54
1
54
1
54
1
54
1
54
1
54
1
54
1
54
1
54
1
54
1
54
1
54
1
54
1
54
1
54
1
54
1
54
1
54
1
54
1
54
1
54
1
54
1
54
1
54
1
54
1
54
1
54
1
54
1
54
1
54
1
54
1
54
1
54
1
54
1
54
1
54
1
54
1
54
1
54
1
54
1
54
1
54
1
54
1
54
1
54
1
54
1
54
1
54
1
54
1
54
1
54
1
54
1
54
1
54
1
54
1
54
1
54
1
54
1
54
1
54
1
54
1
54
1
54
1
54
1
54
1
54
1
54
1
54
1
54
1
54
1
54
1
54
1
54
1
54
1
54
1
54
1
54
1
54
1
54
1
54
1
54
1
54
1
54
1
54
1
54
1
54
1
54
1
54
1
54
1
54
1
54
1
54
1
54
1
54
1
54
1
54
1
54
1
54
1
54
1
54
1
54
1
54
1
54
1
54
1
54
1
54
1
54
1
54
1
54
1
54
1
54
1
54
1
54
1
54
1
54
1
54
1
54
1
54
1
54
1
54
1
54
1
54
1
54
1
54
1
54
1
54
1
54
1
54
1
54
1
54
1
54
1
54
1
54
1
54
1
54
1
54
1
54
1
54
1
54
1
54
1
54
1
54
1
54
1
54
1
54
1
54
1
54
1
54
1
54
1
54
1
54
1
54
1
54
1
54
1
54
1
54
1
54
1
54
1
54
1
54
1
54
1
54
1
54
1
54
1
54
1
54
1
54
1
54
1
54
1
54
1
54
1
54
1
54
1
54
1
54
1
54
1
54
1
54
1
54
1
54
1
54
1
54
1
54
1
54
1
54
1
54
1
54
1
54
1
54
1
54
1
54
1
54
1
54
1
54
1
54
1
54
1
54
1
54
1
54
1
54
1
54
1
54
1
54
1
54
1
54
1
54
1
54
1
54
1
54
1
54
1
54
1
54
1
54
1
54
1
54
1
54
1
54
1
54
1
54
1
54
1
54
1
54
1
54
1
54
1
54
1
54
1
54
1
      Step     Time          Energy         fmax
BFGS:    0 16:41:07     -187.165800        3.8669
54
1
BFGS:    1 16:41:09     -187.643227        3.5748
54
1
BFGS:    2 16:41:10     -188.152149        3.2158
54
1
BFGS:    3 16:41:12     -188.231286        1.3319
54
1
BFGS:    4 16:41:13     -188.287295        0.8893
54
1
BFGS:    5 16:41:15     -188.316236        1.6326
54
1
BFGS:    6 16:41:17     -188.349989        0.9099
54
1
BFGS:    7 16:41:18     -188.397781        0.5771
54
1
BFGS:    8 16:41:20     -188.466305        1.8044
54
1
BFGS:    9 16:41:21     -188.516318        1.1741
54
1
BFGS:   10 16:41:22     -188.568954        0.4002
54
1
      Step     Time          Energy         fmax
BFGS:    0 16:41:23     -187.693795        4.7163
54
1
BFGS:    1 16:41:24     -188.124129        2.5316
54
1
BFGS:    2 16:41:26     -188.317124        1.5581
54
1
BFGS:    3 16:41:27     -188.508408        1.0685
54
1
BFGS:    4 16:41:28     -188.613016        0.6422
54
1
BFGS:    5 16:41:29     -188.656025        0.7005
54
1
BFGS:    6 16:41:30     -188.681730        0.7469
54
1
BFGS:    7 16:41:31     -188.710421        0.7536
54
1
BFGS:    8 16:41:32     -188.760323        0.5609
54
1
BFGS:    9 16:41:33     -188.785822        0.4724
54
1
BFGS:   10 16:41:35     -188.864748        0.5877
Cell([10.224764055957479, 10.224764055957479, 33.615])
Cell([10.224764055957479, 10.224764055957479, 33.615])
Cell([10.224764055957479, 10.224764055957479, 33.615])
Cell([10.224764055957479, 10.224764055957479, 33.615])
Cell([10.224764055957479, 10.224764055957479, 33.615])
Cell([10.224764055957479, 10.224764055957479, 33.615])
Cell([10.224764055957479, 10.224764055957479, 33.615])
Cell([10.224764055957479, 10.224764055957479, 33.615])
Cell([10.224764055957479, 10.224764055957479, 33.615])
Cell([10.224764055957479, 10.224764055957479, 33.615])
Cell([10.224764055957479, 10.224764055957479, 33.615])
Cell([10.224764055957479, 10.224764055957479, 33.615])
Cell([10.224764055957479, 10.224764055957479, 33.615])
Cell([10.224764055957479, 10.224764055957479, 33.615])
Cell([10.224764055957479, 10.224764055957479, 33.615])
Cell([10.224764055957479, 10.224764055957479, 33.615])
Cell([10.224764055957479, 10.224764055957479, 33.615])
Cell([10.224764055957479, 10.224764055957479, 33.615])
Cell([10.224764055957479, 10.224764055957479, 33.615])
Cell([10.224764055957479, 10.224764055957479, 33.615])
Cell([10.224764055957479, 10.224764055957479, 33.615])
Cell([10.224764055957479, 10.224764055957479, 33.615])
Cell([10.224764055957479, 10.224764055957479, 33.615])
Cell([10.224764055957479, 10.224764055957479, 33.615])
Cell([10.224764055957479, 10.224764055957479, 33.615])
Cell([10.224764055957479, 10.224764055957479, 33.615])
Cell([10.224764055957479, 10.224764055957479, 33.615])
Cell([10.224764055957479, 10.224764055957479, 33.615])
Cell([10.224764055957479, 10.224764055957479, 33.615])
Cell([10.224764055957479, 10.224764055957479, 33.615])
Cell([10.224764055957479, 10.224764055957479, 33.615])
Cell([10.224764055957479, 10.224764055957479, 33.615])
Cell([10.224764055957479, 10.224764055957479, 33.615])
Cell([10.224764055957479, 10.224764055957479, 33.615])
Cell([10.224764055957479, 10.224764055957479, 33.615])
Cell([10.224764055957479, 10.224764055957479, 33.615])
Cell([10.224764055957479, 10.224764055957479, 33.615])
Cell([10.224764055957479, 10.224764055957479, 33.615])
Cell([10.224764055957479, 10.224764055957479, 33.615])
Cell([10.224764055957479, 10.224764055957479, 33.615])
Cell([10.224764055957479, 10.224764055957479, 33.615])
Cell([10.224764055957479, 10.224764055957479, 33.615])
Cell([10.224764055957479, 10.224764055957479, 33.615])
Cell([10.224764055957479, 10.224764055957479, 33.615])
Cell([10.224764055957479, 10.224764055957479, 33.615])
Cell([10.224764055957479, 10.224764055957479, 33.615])
Cell([10.224764055957479, 10.224764055957479, 33.615])
Cell([10.224764055957479, 10.224764055957479, 33.615])
Cell([10.224764055957479, 10.224764055957479, 33.615])
Cell([10.224764055957479, 10.224764055957479, 33.615])
Cell([10.224764055957479, 10.224764055957479, 33.615])
Cell([10.224764055957479, 10.224764055957479, 33.615])
Cell([10.224764055957479, 10.224764055957479, 33.615])
54
53
54
53
